# JRE version: Java(TM) SE Runtime Environment (8.0_121-b13) (build 1.8.0_121-b13)
# Java VM: Java HotSpot(TM) 64-Bit Server VM (25.121-b13 mixed mode windows-amd64 compressed oops)
Heap:
 PSYoungGen      total 296960K, used 248787K [0x0000000780800000, 0x0000000793d80000, 0x00000007c0000000)
  eden space 280064K, 83% used [0x0000000780800000,0x000000078eb368b0,0x0000000791980000)
  from space 16896K, 95% used [0x0000000792c00000,0x0000000793bbe730,0x0000000793c80000)
  to   space 18432K, 0% used [0x0000000791980000,0x0000000791980000,0x0000000792b80000)
 ParOldGen       total 124416K, used 26152K [0x0000000701800000, 0x0000000709180000, 0x0000000780800000)
  object space 124416K, 21% used [0x0000000701800000,0x000000070318a310,0x0000000709180000)
 Metaspace       used 55783K, capacity 58268K, committed 58496K, reserved 1099776K
  class space    used 7095K, capacity 7540K, committed 7552K, reserved 1048576K
GC Heap History (10 events):
Event: 8.111 GC heap before
{Heap before GC invocations=8 (full 1):
 PSYoungGen      total 142336K, used 29706K [0x0000000780800000, 0x000000078a100000, 0x00000007c0000000)
  eden space 132096K, 14% used [0x0000000780800000,0x0000000781b03fc0,0x0000000788900000)
  from space 10240K, 99% used [0x0000000789700000,0x000000078a0fea40,0x000000078a100000)
  to   space 12288K, 0% used [0x0000000788900000,0x0000000788900000,0x0000000789500000)
 ParOldGen       total 87040K, used 11275K [0x0000000701800000, 0x0000000706d00000, 0x0000000780800000)
  object space 87040K, 12% used [0x0000000701800000,0x0000000702302df0,0x0000000706d00000)
 Metaspace       used 34207K, capacity 35296K, committed 35416K, reserved 1079296K
  class space    used 4527K, capacity 4785K, committed 4864K, reserved 1048576K
Event: 8.126 GC heap after
Heap after GC invocations=8 (full 1):
 PSYoungGen      total 144384K, used 10432K [0x0000000780800000, 0x000000078f500000, 0x00000007c0000000)
  eden space 132096K, 0% used [0x0000000780800000,0x0000000780800000,0x0000000788900000)
  from space 12288K, 84% used [0x0000000788900000,0x0000000789330038,0x0000000789500000)
  to   space 12800K, 0% used [0x000000078e880000,0x000000078e880000,0x000000078f500000)
 ParOldGen       total 87040K, used 11283K [0x0000000701800000, 0x0000000706d00000, 0x0000000780800000)
  object space 87040K, 12% used [0x0000000701800000,0x0000000702304df0,0x0000000706d00000)
 Metaspace       used 34207K, capacity 35296K, committed 35416K, reserved 1079296K
  class space    used 4527K, capacity 4785K, committed 4864K, reserved 1048576K
}
Event: 8.126 GC heap before
{Heap before GC invocations=9 (full 2):
 PSYoungGen      total 144384K, used 10432K [0x0000000780800000, 0x000000078f500000, 0x00000007c0000000)
  eden space 132096K, 0% used [0x0000000780800000,0x0000000780800000,0x0000000788900000)
  from space 12288K, 84% used [0x0000000788900000,0x0000000789330038,0x0000000789500000)
  to   space 12800K, 0% used [0x000000078e880000,0x000000078e880000,0x000000078f500000)
 ParOldGen       total 87040K, used 11283K [0x0000000701800000, 0x0000000706d00000, 0x0000000780800000)
  object space 87040K, 12% used [0x0000000701800000,0x0000000702304df0,0x0000000706d00000)
 Metaspace       used 34207K, capacity 35296K, committed 35416K, reserved 1079296K
  class space    used 4527K, capacity 4785K, committed 4864K, reserved 1048576K
Event: 8.219 GC heap after
Heap after GC invocations=9 (full 2):
 PSYoungGen      total 144384K, used 0K [0x0000000780800000, 0x000000078f500000, 0x00000007c0000000)
  eden space 132096K, 0% used [0x0000000780800000,0x0000000780800000,0x0000000788900000)
  from space 12288K, 0% used [0x0000000788900000,0x0000000788900000,0x0000000789500000)
  to   space 12800K, 0% used [0x000000078e880000,0x000000078e880000,0x000000078f500000)
 ParOldGen       total 124416K, used 15454K [0x0000000701800000, 0x0000000709180000, 0x0000000780800000)
  object space 124416K, 12% used [0x0000000701800000,0x00000007027179a0,0x0000000709180000)
 Metaspace       used 34207K, capacity 35296K, committed 35416K, reserved 1079296K
  class space    used 4527K, capacity 4785K, committed 4864K, reserved 1048576K
}
Event: 10.793 GC heap before
{Heap before GC invocations=10 (full 2):
 PSYoungGen      total 144384K, used 132096K [0x0000000780800000, 0x000000078f500000, 0x00000007c0000000)
  eden space 132096K, 100% used [0x0000000780800000,0x0000000788900000,0x0000000788900000)
  from space 12288K, 0% used [0x0000000788900000,0x0000000788900000,0x0000000789500000)
  to   space 12800K, 0% used [0x000000078e880000,0x000000078e880000,0x000000078f500000)
 ParOldGen       total 124416K, used 15454K [0x0000000701800000, 0x0000000709180000, 0x0000000780800000)
  object space 124416K, 12% used [0x0000000701800000,0x00000007027179a0,0x0000000709180000)
 Metaspace       used 39087K, capacity 40656K, committed 40832K, reserved 1085440K
  class space    used 5149K, capacity 5477K, committed 5504K, reserved 1048576K
Event: 10.811 GC heap after
Heap after GC invocations=10 (full 2):
 PSYoungGen      total 223744K, used 11272K [0x0000000780800000, 0x000000078f400000, 0x00000007c0000000)
  eden space 211968K, 0% used [0x0000000780800000,0x0000000780800000,0x000000078d700000)
  from space 11776K, 95% used [0x000000078e880000,0x000000078f3822e8,0x000000078f400000)
  to   space 13312K, 0% used [0x000000078da00000,0x000000078da00000,0x000000078e700000)
 ParOldGen       total 124416K, used 15462K [0x0000000701800000, 0x0000000709180000, 0x0000000780800000)
  object space 124416K, 12% used [0x0000000701800000,0x00000007027199a0,0x0000000709180000)
 Metaspace       used 39087K, capacity 40656K, committed 40832K, reserved 1085440K
  class space    used 5149K, capacity 5477K, committed 5504K, reserved 1048576K
}
Event: 13.881 GC heap before
{Heap before GC invocations=11 (full 2):
 PSYoungGen      total 223744K, used 223240K [0x0000000780800000, 0x000000078f400000, 0x00000007c0000000)
  eden space 211968K, 100% used [0x0000000780800000,0x000000078d700000,0x000000078d700000)
  from space 11776K, 95% used [0x000000078e880000,0x000000078f3822e8,0x000000078f400000)
  to   space 13312K, 0% used [0x000000078da00000,0x000000078da00000,0x000000078e700000)
 ParOldGen       total 124416K, used 15462K [0x0000000701800000, 0x0000000709180000, 0x0000000780800000)
  object space 124416K, 12% used [0x0000000701800000,0x00000007027199a0,0x0000000709180000)
 Metaspace       used 42941K, capacity 44678K, committed 44928K, reserved 1087488K
  class space    used 5622K, capacity 5994K, committed 6016K, reserved 1048576K
Event: 13.903 GC heap after
Heap after GC invocations=11 (full 2):
 PSYoungGen      total 228352K, used 13307K [0x0000000780800000, 0x0000000793c80000, 0x00000007c0000000)
  eden space 215040K, 0% used [0x0000000780800000,0x0000000780800000,0x000000078da00000)
  from space 13312K, 99% used [0x000000078da00000,0x000000078e6fee28,0x000000078e700000)
  to   space 16896K, 0% used [0x0000000792c00000,0x0000000792c00000,0x0000000793c80000)
 ParOldGen       total 124416K, used 20065K [0x0000000701800000, 0x0000000709180000, 0x0000000780800000)
  object space 124416K, 16% used [0x0000000701800000,0x0000000702b98580,0x0000000709180000)
 Metaspace       used 42941K, capacity 44678K, committed 44928K, reserved 1087488K
  class space    used 5622K, capacity 5994K, committed 6016K, reserved 1048576K
}
Event: 16.876 GC heap before
{Heap before GC invocations=12 (full 2):
 PSYoungGen      total 228352K, used 228347K [0x0000000780800000, 0x0000000793c80000, 0x00000007c0000000)
  eden space 215040K, 100% used [0x0000000780800000,0x000000078da00000,0x000000078da00000)
  from space 13312K, 99% used [0x000000078da00000,0x000000078e6fee28,0x000000078e700000)
  to   space 16896K, 0% used [0x0000000792c00000,0x0000000792c00000,0x0000000793c80000)
 ParOldGen       total 124416K, used 20065K [0x0000000701800000, 0x0000000709180000, 0x0000000780800000)
  object space 124416K, 16% used [0x0000000701800000,0x0000000702b98580,0x0000000709180000)
 Metaspace       used 47052K, capacity 49190K, committed 49408K, reserved 1091584K
  class space    used 6245K, capacity 6642K, committed 6656K, reserved 1048576K
Event: 16.903 GC heap after
Heap after GC invocations=12 (full 2):
 PSYoungGen      total 296960K, used 16121K [0x0000000780800000, 0x0000000793d80000, 0x00000007c0000000)
  eden space 280064K, 0% used [0x0000000780800000,0x0000000780800000,0x0000000791980000)
  from space 16896K, 95% used [0x0000000792c00000,0x0000000793bbe730,0x0000000793c80000)
  to   space 18432K, 0% used [0x0000000791980000,0x0000000791980000,0x0000000792b80000)
 ParOldGen       total 124416K, used 26152K [0x0000000701800000, 0x0000000709180000, 0x0000000780800000)
  object space 124416K, 21% used [0x0000000701800000,0x000000070318a310,0x0000000709180000)
 Metaspace       used 47052K, capacity 49190K, committed 49408K, reserved 1091584K
  class space    used 6245K, capacity 6642K, committed 6656K, reserved 1048576K
}

