# JRE version: Java(TM) SE Runtime Environment (8.0_121-b13) (build 1.8.0_121-b13)
# Java VM: Java HotSpot(TM) 64-Bit Server VM (25.121-b13 mixed mode windows-amd64 compressed oops)
Heap:
 PSYoungGen      total 314880K, used 158977K [0x0000000780800000, 0x000000079ac00000, 0x00000007c0000000)
  eden space 299008K, 47% used [0x0000000780800000,0x00000007893c3fa0,0x0000000792c00000)
  from space 15872K, 99% used [0x0000000792c00000,0x0000000793b7c470,0x0000000793b80000)
  to   space 20480K, 0% used [0x0000000799800000,0x0000000799800000,0x000000079ac00000)
 ParOldGen       total 95232K, used 25106K [0x0000000701800000, 0x0000000707500000, 0x0000000780800000)
  object space 95232K, 26% used [0x0000000701800000,0x0000000703084bd0,0x0000000707500000)
 Metaspace       used 54190K, capacity 56490K, committed 56648K, reserved 1097728K
  class space    used 7016K, capacity 7434K, committed 7496K, reserved 1048576K
GC Heap History (10 events):
Event: 5.088 GC heap before
{Heap before GC invocations=7 (full 1):
 PSYoungGen      total 106496K, used 106481K [0x0000000780800000, 0x000000078cb00000, 0x00000007c0000000)
  eden space 98304K, 100% used [0x0000000780800000,0x0000000786800000,0x0000000786800000)
  from space 8192K, 99% used [0x0000000786800000,0x0000000786ffc468,0x0000000787000000)
  to   space 10752K, 0% used [0x000000078c080000,0x000000078c080000,0x000000078cb00000)
 ParOldGen       total 63488K, used 8878K [0x0000000701800000, 0x0000000705600000, 0x0000000780800000)
  object space 63488K, 13% used [0x0000000701800000,0x00000007020abb58,0x0000000705600000)
 Metaspace       used 30763K, capacity 31836K, committed 32072K, reserved 1077248K
  class space    used 4145K, capacity 4366K, committed 4424K, reserved 1048576K
Event: 5.101 GC heap after
Heap after GC invocations=7 (full 1):
 PSYoungGen      total 185344K, used 10737K [0x0000000780800000, 0x000000078cb00000, 0x00000007c0000000)
  eden space 174592K, 0% used [0x0000000780800000,0x0000000780800000,0x000000078b280000)
  from space 10752K, 99% used [0x000000078c080000,0x000000078cafc4a0,0x000000078cb00000)
  to   space 12288K, 0% used [0x000000078b300000,0x000000078b300000,0x000000078bf00000)
 ParOldGen       total 63488K, used 9250K [0x0000000701800000, 0x0000000705600000, 0x0000000780800000)
  object space 63488K, 14% used [0x0000000701800000,0x0000000702108a00,0x0000000705600000)
 Metaspace       used 30763K, capacity 31836K, committed 32072K, reserved 1077248K
  class space    used 4145K, capacity 4366K, committed 4424K, reserved 1048576K
}
Event: 6.212 GC heap before
{Heap before GC invocations=8 (full 1):
 PSYoungGen      total 185344K, used 128144K [0x0000000780800000, 0x000000078cb00000, 0x00000007c0000000)
  eden space 174592K, 67% used [0x0000000780800000,0x0000000787aa7d48,0x000000078b280000)
  from space 10752K, 99% used [0x000000078c080000,0x000000078cafc4a0,0x000000078cb00000)
  to   space 12288K, 0% used [0x000000078b300000,0x000000078b300000,0x000000078bf00000)
 ParOldGen       total 63488K, used 9250K [0x0000000701800000, 0x0000000705600000, 0x0000000780800000)
  object space 63488K, 14% used [0x0000000701800000,0x0000000702108a00,0x0000000705600000)
 Metaspace       used 35032K, capacity 36482K, committed 36552K, reserved 1081344K
  class space    used 4722K, capacity 5027K, committed 5064K, reserved 1048576K
Event: 6.229 GC heap after
Heap after GC invocations=8 (full 1):
 PSYoungGen      total 187392K, used 12277K [0x0000000780800000, 0x0000000794b80000, 0x00000007c0000000)
  eden space 175104K, 0% used [0x0000000780800000,0x0000000780800000,0x000000078b300000)
  from space 12288K, 99% used [0x000000078b300000,0x000000078befd430,0x000000078bf00000)
  to   space 14336K, 0% used [0x0000000793d80000,0x0000000793d80000,0x0000000794b80000)
 ParOldGen       total 63488K, used 10255K [0x0000000701800000, 0x0000000705600000, 0x0000000780800000)
  object space 63488K, 16% used [0x0000000701800000,0x0000000702203d60,0x0000000705600000)
 Metaspace       used 35032K, capacity 36482K, committed 36552K, reserved 1081344K
  class space    used 4722K, capacity 5027K, committed 5064K, reserved 1048576K
}
Event: 6.229 GC heap before
{Heap before GC invocations=9 (full 2):
 PSYoungGen      total 187392K, used 12277K [0x0000000780800000, 0x0000000794b80000, 0x00000007c0000000)
  eden space 175104K, 0% used [0x0000000780800000,0x0000000780800000,0x000000078b300000)
  from space 12288K, 99% used [0x000000078b300000,0x000000078befd430,0x000000078bf00000)
  to   space 14336K, 0% used [0x0000000793d80000,0x0000000793d80000,0x0000000794b80000)
 ParOldGen       total 63488K, used 10255K [0x0000000701800000, 0x0000000705600000, 0x0000000780800000)
  object space 63488K, 16% used [0x0000000701800000,0x0000000702203d60,0x0000000705600000)
 Metaspace       used 35032K, capacity 36482K, committed 36552K, reserved 1081344K
  class space    used 4722K, capacity 5027K, committed 5064K, reserved 1048576K
Event: 6.315 GC heap after
Heap after GC invocations=9 (full 2):
 PSYoungGen      total 187392K, used 0K [0x0000000780800000, 0x0000000794b80000, 0x00000007c0000000)
  eden space 175104K, 0% used [0x0000000780800000,0x0000000780800000,0x000000078b300000)
  from space 12288K, 0% used [0x000000078b300000,0x000000078b300000,0x000000078bf00000)
  to   space 14336K, 0% used [0x0000000793d80000,0x0000000793d80000,0x0000000794b80000)
 ParOldGen       total 95232K, used 18683K [0x0000000701800000, 0x0000000707500000, 0x0000000780800000)
  object space 95232K, 19% used [0x0000000701800000,0x0000000702a3eee8,0x0000000707500000)
 Metaspace       used 35032K, capacity 36482K, committed 36552K, reserved 1081344K
  class space    used 4722K, capacity 5027K, committed 5064K, reserved 1048576K
}
Event: 8.830 GC heap before
{Heap before GC invocations=10 (full 2):
 PSYoungGen      total 187392K, used 175104K [0x0000000780800000, 0x0000000794b80000, 0x00000007c0000000)
  eden space 175104K, 100% used [0x0000000780800000,0x000000078b300000,0x000000078b300000)
  from space 12288K, 0% used [0x000000078b300000,0x000000078b300000,0x000000078bf00000)
  to   space 14336K, 0% used [0x0000000793d80000,0x0000000793d80000,0x0000000794b80000)
 ParOldGen       total 95232K, used 18683K [0x0000000701800000, 0x0000000707500000, 0x0000000780800000)
  object space 95232K, 19% used [0x0000000701800000,0x0000000702a3eee8,0x0000000707500000)
 Metaspace       used 41161K, capacity 42940K, committed 43080K, reserved 1087488K
  class space    used 5514K, capacity 5876K, committed 5960K, reserved 1048576K
Event: 8.845 GC heap after
Heap after GC invocations=10 (full 2):
 PSYoungGen      total 301056K, used 13322K [0x0000000780800000, 0x0000000794b00000, 0x00000007c0000000)
  eden space 287232K, 0% used [0x0000000780800000,0x0000000780800000,0x0000000792080000)
  from space 13824K, 96% used [0x0000000793d80000,0x0000000794a82b88,0x0000000794b00000)
  to   space 15872K, 0% used [0x0000000792c00000,0x0000000792c00000,0x0000000793b80000)
 ParOldGen       total 95232K, used 18691K [0x0000000701800000, 0x0000000707500000, 0x0000000780800000)
  object space 95232K, 19% used [0x0000000701800000,0x0000000702a40ee8,0x0000000707500000)
 Metaspace       used 41161K, capacity 42940K, committed 43080K, reserved 1087488K
  class space    used 5514K, capacity 5876K, committed 5960K, reserved 1048576K
}
Event: 11.198 GC heap before
{Heap before GC invocations=11 (full 2):
 PSYoungGen      total 301056K, used 300554K [0x0000000780800000, 0x0000000794b00000, 0x00000007c0000000)
  eden space 287232K, 100% used [0x0000000780800000,0x0000000792080000,0x0000000792080000)
  from space 13824K, 96% used [0x0000000793d80000,0x0000000794a82b88,0x0000000794b00000)
  to   space 15872K, 0% used [0x0000000792c00000,0x0000000792c00000,0x0000000793b80000)
 ParOldGen       total 95232K, used 18691K [0x0000000701800000, 0x0000000707500000, 0x0000000780800000)
  object space 95232K, 19% used [0x0000000701800000,0x0000000702a40ee8,0x0000000707500000)
 Metaspace       used 46247K, capacity 48344K, committed 48712K, reserved 1091584K
  class space    used 6224K, capacity 6608K, committed 6728K, reserved 1048576K
Event: 11.223 GC heap after
Heap after GC invocations=11 (full 2):
 PSYoungGen      total 314880K, used 15857K [0x0000000780800000, 0x000000079ac00000, 0x00000007c0000000)
  eden space 299008K, 0% used [0x0000000780800000,0x0000000780800000,0x0000000792c00000)
  from space 15872K, 99% used [0x0000000792c00000,0x0000000793b7c470,0x0000000793b80000)
  to   space 20480K, 0% used [0x0000000799800000,0x0000000799800000,0x000000079ac00000)
 ParOldGen       total 95232K, used 25106K [0x0000000701800000, 0x0000000707500000, 0x0000000780800000)
  object space 95232K, 26% used [0x0000000701800000,0x0000000703084bd0,0x0000000707500000)
 Metaspace       used 46247K, capacity 48344K, committed 48712K, reserved 1091584K
  class space    used 6224K, capacity 6608K, committed 6728K, reserved 1048576K
}

