# JRE version: Java(TM) SE Runtime Environment (8.0_121-b13) (build 1.8.0_121-b13)
# Java VM: Java HotSpot(TM) 64-Bit Server VM (25.121-b13 mixed mode windows-amd64 compressed oops)
Heap:
 PSYoungGen      total 291328K, used 104554K [0x0000000780800000, 0x0000000794480000, 0x00000007c0000000)
  eden space 275968K, 35% used [0x0000000780800000,0x00000007866eab20,0x0000000791580000)
  from space 15360K, 47% used [0x0000000793580000,0x0000000793caffa8,0x0000000794480000)
  to   space 24064K, 0% used [0x0000000791580000,0x0000000791580000,0x0000000792d00000)
 ParOldGen       total 145920K, used 43063K [0x0000000701800000, 0x000000070a680000, 0x0000000780800000)
  object space 145920K, 29% used [0x0000000701800000,0x000000070420deb0,0x000000070a680000)
 Metaspace       used 56258K, capacity 58760K, committed 58880K, reserved 1099776K
  class space    used 7141K, capacity 7576K, committed 7680K, reserved 1048576K
GC Heap History (10 events):
Event: 19.566 GC heap before
{Heap before GC invocations=12 (full 2):
 PSYoungGen      total 185344K, used 185315K [0x0000000780800000, 0x000000078e200000, 0x00000007c0000000)
  eden space 172544K, 100% used [0x0000000780800000,0x000000078b080000,0x000000078b080000)
  from space 12800K, 99% used [0x000000078b080000,0x000000078bcf8fe0,0x000000078bd00000)
  to   space 14848K, 0% used [0x000000078d380000,0x000000078d380000,0x000000078e200000)
 ParOldGen       total 145920K, used 17841K [0x0000000701800000, 0x000000070a680000, 0x0000000780800000)
  object space 145920K, 12% used [0x0000000701800000,0x000000070296c4a8,0x000000070a680000)
 Metaspace       used 45308K, capacity 47384K, committed 47616K, reserved 1091584K
  class space    used 5963K, capacity 6397K, committed 6400K, reserved 1048576K
Event: 19.589 GC heap after
Heap after GC invocations=12 (full 2):
 PSYoungGen      total 204800K, used 14826K [0x0000000780800000, 0x000000078fe80000, 0x00000007c0000000)
  eden space 189952K, 0% used [0x0000000780800000,0x0000000780800000,0x000000078c180000)
  from space 14848K, 99% used [0x000000078d380000,0x000000078e1fabc0,0x000000078e200000)
  to   space 18432K, 0% used [0x000000078c180000,0x000000078c180000,0x000000078d380000)
 ParOldGen       total 145920K, used 23578K [0x0000000701800000, 0x000000070a680000, 0x0000000780800000)
  object space 145920K, 16% used [0x0000000701800000,0x0000000702f069a0,0x000000070a680000)
 Metaspace       used 45308K, capacity 47384K, committed 47616K, reserved 1091584K
  class space    used 5963K, capacity 6397K, committed 6400K, reserved 1048576K
}
Event: 23.735 GC heap before
{Heap before GC invocations=13 (full 2):
 PSYoungGen      total 204800K, used 204778K [0x0000000780800000, 0x000000078fe80000, 0x00000007c0000000)
  eden space 189952K, 100% used [0x0000000780800000,0x000000078c180000,0x000000078c180000)
  from space 14848K, 99% used [0x000000078d380000,0x000000078e1fabc0,0x000000078e200000)
  to   space 18432K, 0% used [0x000000078c180000,0x000000078c180000,0x000000078d380000)
 ParOldGen       total 145920K, used 23578K [0x0000000701800000, 0x000000070a680000, 0x0000000780800000)
  object space 145920K, 16% used [0x0000000701800000,0x0000000702f069a0,0x000000070a680000)
 Metaspace       used 49025K, capacity 51218K, committed 51328K, reserved 1093632K
  class space    used 6505K, capacity 6932K, committed 7040K, reserved 1048576K
Event: 23.797 GC heap after
Heap after GC invocations=13 (full 2):
 PSYoungGen      total 208384K, used 15487K [0x0000000780800000, 0x0000000791700000, 0x00000007c0000000)
  eden space 189952K, 0% used [0x0000000780800000,0x0000000780800000,0x000000078c180000)
  from space 18432K, 84% used [0x000000078c180000,0x000000078d09feb8,0x000000078d380000)
  to   space 19456K, 0% used [0x0000000790400000,0x0000000790400000,0x0000000791700000)
 ParOldGen       total 145920K, used 28988K [0x0000000701800000, 0x000000070a680000, 0x0000000780800000)
  object space 145920K, 19% used [0x0000000701800000,0x000000070344f2f0,0x000000070a680000)
 Metaspace       used 49025K, capacity 51218K, committed 51328K, reserved 1093632K
  class space    used 6505K, capacity 6932K, committed 7040K, reserved 1048576K
}
Event: 44.005 GC heap before
{Heap before GC invocations=14 (full 2):
 PSYoungGen      total 208384K, used 203651K [0x0000000780800000, 0x0000000791700000, 0x00000007c0000000)
  eden space 189952K, 99% used [0x0000000780800000,0x000000078bfc1088,0x000000078c180000)
  from space 18432K, 84% used [0x000000078c180000,0x000000078d09feb8,0x000000078d380000)
  to   space 19456K, 0% used [0x0000000790400000,0x0000000790400000,0x0000000791700000)
 ParOldGen       total 145920K, used 28988K [0x0000000701800000, 0x000000070a680000, 0x0000000780800000)
  object space 145920K, 19% used [0x0000000701800000,0x000000070344f2f0,0x000000070a680000)
 Metaspace       used 55940K, capacity 58392K, committed 58496K, reserved 1099776K
  class space    used 7109K, capacity 7540K, committed 7552K, reserved 1048576K
Event: 44.035 GC heap after
Heap after GC invocations=14 (full 2):
 PSYoungGen      total 251392K, used 19455K [0x0000000780800000, 0x0000000791980000, 0x00000007c0000000)
  eden space 231936K, 0% used [0x0000000780800000,0x0000000780800000,0x000000078ea80000)
  from space 19456K, 99% used [0x0000000790400000,0x00000007916ffe18,0x0000000791700000)
  to   space 24064K, 0% used [0x000000078ea80000,0x000000078ea80000,0x0000000790200000)
 ParOldGen       total 145920K, used 34705K [0x0000000701800000, 0x000000070a680000, 0x0000000780800000)
  object space 145920K, 23% used [0x0000000701800000,0x00000007039e47b0,0x000000070a680000)
 Metaspace       used 55940K, capacity 58392K, committed 58496K, reserved 1099776K
  class space    used 7109K, capacity 7540K, committed 7552K, reserved 1048576K
}
Event: 47.512 GC heap before
{Heap before GC invocations=15 (full 2):
 PSYoungGen      total 251392K, used 250591K [0x0000000780800000, 0x0000000791980000, 0x00000007c0000000)
  eden space 231936K, 99% used [0x0000000780800000,0x000000078e9b7e80,0x000000078ea80000)
  from space 19456K, 99% used [0x0000000790400000,0x00000007916ffe18,0x0000000791700000)
  to   space 24064K, 0% used [0x000000078ea80000,0x000000078ea80000,0x0000000790200000)
 ParOldGen       total 145920K, used 34705K [0x0000000701800000, 0x000000070a680000, 0x0000000780800000)
  object space 145920K, 23% used [0x0000000701800000,0x00000007039e47b0,0x000000070a680000)
 Metaspace       used 56207K, capacity 58686K, committed 58880K, reserved 1099776K
  class space    used 7137K, capacity 7574K, committed 7680K, reserved 1048576K
Event: 47.552 GC heap after
Heap after GC invocations=15 (full 2):
 PSYoungGen      total 256000K, used 15842K [0x0000000780800000, 0x0000000794d00000, 0x00000007c0000000)
  eden space 231936K, 0% used [0x0000000780800000,0x0000000780800000,0x000000078ea80000)
  from space 24064K, 65% used [0x000000078ea80000,0x000000078f9f8a40,0x0000000790200000)
  to   space 24064K, 0% used [0x0000000793580000,0x0000000793580000,0x0000000794d00000)
 ParOldGen       total 145920K, used 43055K [0x0000000701800000, 0x000000070a680000, 0x0000000780800000)
  object space 145920K, 29% used [0x0000000701800000,0x000000070420beb0,0x000000070a680000)
 Metaspace       used 56207K, capacity 58686K, committed 58880K, reserved 1099776K
  class space    used 7137K, capacity 7574K, committed 7680K, reserved 1048576K
}
Event: 105.528 GC heap before
{Heap before GC invocations=16 (full 2):
 PSYoungGen      total 256000K, used 247778K [0x0000000780800000, 0x0000000794d00000, 0x00000007c0000000)
  eden space 231936K, 100% used [0x0000000780800000,0x000000078ea80000,0x000000078ea80000)
  from space 24064K, 65% used [0x000000078ea80000,0x000000078f9f8a40,0x0000000790200000)
  to   space 24064K, 0% used [0x0000000793580000,0x0000000793580000,0x0000000794d00000)
 ParOldGen       total 145920K, used 43055K [0x0000000701800000, 0x000000070a680000, 0x0000000780800000)
  object space 145920K, 29% used [0x0000000701800000,0x000000070420beb0,0x000000070a680000)
 Metaspace       used 56235K, capacity 58696K, committed 58880K, reserved 1099776K
  class space    used 7141K, capacity 7576K, committed 7680K, reserved 1048576K
Event: 105.539 GC heap after
Heap after GC invocations=16 (full 2):
 PSYoungGen      total 291328K, used 7359K [0x0000000780800000, 0x0000000794480000, 0x00000007c0000000)
  eden space 275968K, 0% used [0x0000000780800000,0x0000000780800000,0x0000000791580000)
  from space 15360K, 47% used [0x0000000793580000,0x0000000793caffa8,0x0000000794480000)
  to   space 24064K, 0% used [0x0000000791580000,0x0000000791580000,0x0000000792d00000)
 ParOldGen       total 145920K, used 43063K [0x0000000701800000, 0x000000070a680000, 0x0000000780800000)
  object space 145920K, 29% used [0x0000000701800000,0x000000070420deb0,0x000000070a680000)
 Metaspace       used 56235K, capacity 58696K, committed 58880K, reserved 1099776K
  class space    used 7141K, capacity 7576K, committed 7680K, reserved 1048576K
}

