# JRE version: Java(TM) SE Runtime Environment (8.0_121-b13) (build 1.8.0_121-b13)
# Java VM: Java HotSpot(TM) 64-Bit Server VM (25.121-b13 mixed mode windows-amd64 compressed oops)
Heap:
 PSYoungGen      total 529920K, used 477357K [0x0000000780800000, 0x00000007afd00000, 0x00000007c0000000)
  eden space 526336K, 90% used [0x0000000780800000,0x000000079d7271d0,0x00000007a0a00000)
  from space 3584K, 86% used [0x00000007af980000,0x00000007afc84490,0x00000007afd00000)
  to   space 39936K, 0% used [0x00000007aaf00000,0x00000007aaf00000,0x00000007ad600000)
 ParOldGen       total 96768K, used 62465K [0x0000000701800000, 0x0000000707680000, 0x0000000780800000)
  object space 96768K, 64% used [0x0000000701800000,0x00000007055005e0,0x0000000707680000)
 Metaspace       used 55772K, capacity 58384K, committed 58620K, reserved 1099776K
  class space    used 7176K, capacity 7595K, committed 7676K, reserved 1048576K
GC Heap History (10 events):
Event: 658.072 GC heap before
{Heap before GC invocations=14 (full 2):
 PSYoungGen      total 698880K, used 688530K [0x0000000780800000, 0x00000007b7180000, 0x00000007c0000000)
  eden space 659456K, 100% used [0x0000000780800000,0x00000007a8c00000,0x00000007a8c00000)
  from space 39424K, 73% used [0x00000007a8c00000,0x00000007aa864ad8,0x00000007ab280000)
  to   space 41472K, 0% used [0x00000007b4900000,0x00000007b4900000,0x00000007b7180000)
 ParOldGen       total 96768K, used 62433K [0x0000000701800000, 0x0000000707680000, 0x0000000780800000)
  object space 96768K, 64% used [0x0000000701800000,0x00000007054f85e0,0x0000000707680000)
 Metaspace       used 55732K, capacity 58310K, committed 58620K, reserved 1099776K
  class space    used 7173K, capacity 7593K, committed 7676K, reserved 1048576K
Event: 658.100 GC heap after
Heap after GC invocations=14 (full 2):
 PSYoungGen      total 633856K, used 3152K [0x0000000780800000, 0x00000007b4c80000, 0x00000007c0000000)
  eden space 630272K, 0% used [0x0000000780800000,0x0000000780800000,0x00000007a6f80000)
  from space 3584K, 87% used [0x00000007b4900000,0x00000007b4c14368,0x00000007b4c80000)
  to   space 41984K, 0% used [0x00000007afa80000,0x00000007afa80000,0x00000007b2380000)
 ParOldGen       total 96768K, used 62441K [0x0000000701800000, 0x0000000707680000, 0x0000000780800000)
  object space 96768K, 64% used [0x0000000701800000,0x00000007054fa5e0,0x0000000707680000)
 Metaspace       used 55732K, capacity 58310K, committed 58620K, reserved 1099776K
  class space    used 7173K, capacity 7593K, committed 7676K, reserved 1048576K
}
Event: 1030.280 GC heap before
{Heap before GC invocations=15 (full 2):
 PSYoungGen      total 633856K, used 633424K [0x0000000780800000, 0x00000007b4c80000, 0x00000007c0000000)
  eden space 630272K, 100% used [0x0000000780800000,0x00000007a6f80000,0x00000007a6f80000)
  from space 3584K, 87% used [0x00000007b4900000,0x00000007b4c14368,0x00000007b4c80000)
  to   space 41984K, 0% used [0x00000007afa80000,0x00000007afa80000,0x00000007b2380000)
 ParOldGen       total 96768K, used 62441K [0x0000000701800000, 0x0000000707680000, 0x0000000780800000)
  object space 96768K, 64% used [0x0000000701800000,0x00000007054fa5e0,0x0000000707680000)
 Metaspace       used 55751K, capacity 58384K, committed 58620K, reserved 1099776K
  class space    used 7174K, capacity 7595K, committed 7676K, reserved 1048576K
Event: 1030.288 GC heap after
Heap after GC invocations=15 (full 2):
 PSYoungGen      total 605696K, used 3303K [0x0000000780800000, 0x00000007b4980000, 0x00000007c0000000)
  eden space 602112K, 0% used [0x0000000780800000,0x0000000780800000,0x00000007a5400000)
  from space 3584K, 92% used [0x00000007afa80000,0x00000007afdb9ff8,0x00000007afe00000)
  to   space 41984K, 0% used [0x00000007b2080000,0x00000007b2080000,0x00000007b4980000)
 ParOldGen       total 96768K, used 62449K [0x0000000701800000, 0x0000000707680000, 0x0000000780800000)
  object space 96768K, 64% used [0x0000000701800000,0x00000007054fc5e0,0x0000000707680000)
 Metaspace       used 55751K, capacity 58384K, committed 58620K, reserved 1099776K
  class space    used 7174K, capacity 7595K, committed 7676K, reserved 1048576K
}
Event: 1557.301 GC heap before
{Heap before GC invocations=16 (full 2):
 PSYoungGen      total 605696K, used 605415K [0x0000000780800000, 0x00000007b4980000, 0x00000007c0000000)
  eden space 602112K, 100% used [0x0000000780800000,0x00000007a5400000,0x00000007a5400000)
  from space 3584K, 92% used [0x00000007afa80000,0x00000007afdb9ff8,0x00000007afe00000)
  to   space 41984K, 0% used [0x00000007b2080000,0x00000007b2080000,0x00000007b4980000)
 ParOldGen       total 96768K, used 62449K [0x0000000701800000, 0x0000000707680000, 0x0000000780800000)
  object space 96768K, 64% used [0x0000000701800000,0x00000007054fc5e0,0x0000000707680000)
 Metaspace       used 55751K, capacity 58384K, committed 58620K, reserved 1099776K
  class space    used 7174K, capacity 7595K, committed 7676K, reserved 1048576K
Event: 1557.307 GC heap after
Heap after GC invocations=16 (full 2):
 PSYoungGen      total 579072K, used 3201K [0x0000000780800000, 0x00000007b2400000, 0x00000007c0000000)
  eden space 575488K, 0% used [0x0000000780800000,0x0000000780800000,0x00000007a3a00000)
  from space 3584K, 89% used [0x00000007b2080000,0x00000007b23a04a0,0x00000007b2400000)
  to   space 41472K, 0% used [0x00000007ad300000,0x00000007ad300000,0x00000007afb80000)
 ParOldGen       total 96768K, used 62457K [0x0000000701800000, 0x0000000707680000, 0x0000000780800000)
  object space 96768K, 64% used [0x0000000701800000,0x00000007054fe5e0,0x0000000707680000)
 Metaspace       used 55751K, capacity 58384K, committed 58620K, reserved 1099776K
  class space    used 7174K, capacity 7595K, committed 7676K, reserved 1048576K
}
Event: 2062.884 GC heap before
{Heap before GC invocations=17 (full 2):
 PSYoungGen      total 579072K, used 578689K [0x0000000780800000, 0x00000007b2400000, 0x00000007c0000000)
  eden space 575488K, 100% used [0x0000000780800000,0x00000007a3a00000,0x00000007a3a00000)
  from space 3584K, 89% used [0x00000007b2080000,0x00000007b23a04a0,0x00000007b2400000)
  to   space 41472K, 0% used [0x00000007ad300000,0x00000007ad300000,0x00000007afb80000)
 ParOldGen       total 96768K, used 62457K [0x0000000701800000, 0x0000000707680000, 0x0000000780800000)
  object space 96768K, 64% used [0x0000000701800000,0x00000007054fe5e0,0x0000000707680000)
 Metaspace       used 55751K, capacity 58384K, committed 58620K, reserved 1099776K
  class space    used 7174K, capacity 7595K, committed 7676K, reserved 1048576K
Event: 2062.918 GC heap after
Heap after GC invocations=17 (full 2):
 PSYoungGen      total 553472K, used 3018K [0x0000000780800000, 0x00000007b2100000, 0x00000007c0000000)
  eden space 550400K, 0% used [0x0000000780800000,0x0000000780800000,0x00000007a2180000)
  from space 3072K, 98% used [0x00000007ad300000,0x00000007ad5f28c0,0x00000007ad600000)
  to   space 40448K, 0% used [0x00000007af980000,0x00000007af980000,0x00000007b2100000)
 ParOldGen       total 96768K, used 62465K [0x0000000701800000, 0x0000000707680000, 0x0000000780800000)
  object space 96768K, 64% used [0x0000000701800000,0x00000007055005e0,0x0000000707680000)
 Metaspace       used 55751K, capacity 58384K, committed 58620K, reserved 1099776K
  class space    used 7174K, capacity 7595K, committed 7676K, reserved 1048576K
}
Event: 2532.084 GC heap before
{Heap before GC invocations=18 (full 2):
 PSYoungGen      total 553472K, used 553418K [0x0000000780800000, 0x00000007b2100000, 0x00000007c0000000)
  eden space 550400K, 100% used [0x0000000780800000,0x00000007a2180000,0x00000007a2180000)
  from space 3072K, 98% used [0x00000007ad300000,0x00000007ad5f28c0,0x00000007ad600000)
  to   space 40448K, 0% used [0x00000007af980000,0x00000007af980000,0x00000007b2100000)
 ParOldGen       total 96768K, used 62465K [0x0000000701800000, 0x0000000707680000, 0x0000000780800000)
  object space 96768K, 64% used [0x0000000701800000,0x00000007055005e0,0x0000000707680000)
 Metaspace       used 55751K, capacity 58384K, committed 58620K, reserved 1099776K
  class space    used 7174K, capacity 7595K, committed 7676K, reserved 1048576K
Event: 2532.090 GC heap after
Heap after GC invocations=18 (full 2):
 PSYoungGen      total 529920K, used 3089K [0x0000000780800000, 0x00000007afd00000, 0x00000007c0000000)
  eden space 526336K, 0% used [0x0000000780800000,0x0000000780800000,0x00000007a0a00000)
  from space 3584K, 86% used [0x00000007af980000,0x00000007afc84490,0x00000007afd00000)
  to   space 39936K, 0% used [0x00000007aaf00000,0x00000007aaf00000,0x00000007ad600000)
 ParOldGen       total 96768K, used 62465K [0x0000000701800000, 0x0000000707680000, 0x0000000780800000)
  object space 96768K, 64% used [0x0000000701800000,0x00000007055005e0,0x0000000707680000)
 Metaspace       used 55751K, capacity 58384K, committed 58620K, reserved 1099776K
  class space    used 7174K, capacity 7595K, committed 7676K, reserved 1048576K
}

