# JRE version: Java(TM) SE Runtime Environment (8.0_121-b13) (build 1.8.0_121-b13)
# Java VM: Java HotSpot(TM) 64-Bit Server VM (25.121-b13 mixed mode windows-amd64 compressed oops)
Heap:
 PSYoungGen      total 364032K, used 333115K [0x0000000780800000, 0x0000000798f80000, 0x00000007c0000000)
  eden space 344576K, 96% used [0x0000000780800000,0x0000000794c8f070,0x0000000795880000)
  from space 19456K, 3% used [0x0000000797c80000,0x0000000797d3fd98,0x0000000798f80000)
  to   space 28160K, 0% used [0x0000000795880000,0x0000000795880000,0x0000000797400000)
 ParOldGen       total 152576K, used 38417K [0x0000000701800000, 0x000000070ad00000, 0x0000000780800000)
  object space 152576K, 25% used [0x0000000701800000,0x0000000703d84650,0x000000070ad00000)
 Metaspace       used 56561K, capacity 58964K, committed 59284K, reserved 1101824K
  class space    used 7132K, capacity 7561K, committed 7680K, reserved 1048576K
GC Heap History (10 events):
Event: 81.169 GC heap before
{Heap before GC invocations=15 (full 2):
 PSYoungGen      total 296960K, used 296939K [0x0000000780800000, 0x0000000794a00000, 0x00000007c0000000)
  eden space 273408K, 100% used [0x0000000780800000,0x0000000791300000,0x0000000791300000)
  from space 23552K, 99% used [0x0000000793200000,0x00000007948fac98,0x0000000794900000)
  to   space 28160K, 0% used [0x0000000791300000,0x0000000791300000,0x0000000792e80000)
 ParOldGen       total 91648K, used 35742K [0x0000000701800000, 0x0000000707180000, 0x0000000780800000)
  object space 91648K, 38% used [0x0000000701800000,0x0000000703ae79c8,0x0000000707180000)
 Metaspace       used 55681K, capacity 58002K, committed 58240K, reserved 1099776K
  class space    used 7060K, capacity 7470K, committed 7552K, reserved 1048576K
Event: 81.202 GC heap after
Heap after GC invocations=15 (full 2):
 PSYoungGen      total 301568K, used 5766K [0x0000000780800000, 0x0000000797580000, 0x00000007c0000000)
  eden space 273408K, 0% used [0x0000000780800000,0x0000000780800000,0x0000000791300000)
  from space 28160K, 20% used [0x0000000791300000,0x00000007918a1bd8,0x0000000792e80000)
  to   space 28160K, 0% used [0x0000000795a00000,0x0000000795a00000,0x0000000797580000)
 ParOldGen       total 91648K, used 45308K [0x0000000701800000, 0x0000000707180000, 0x0000000780800000)
  object space 91648K, 49% used [0x0000000701800000,0x000000070443f088,0x0000000707180000)
 Metaspace       used 55681K, capacity 58002K, committed 58240K, reserved 1099776K
  class space    used 7060K, capacity 7470K, committed 7552K, reserved 1048576K
}
Event: 272.546 GC heap before
{Heap before GC invocations=16 (full 2):
 PSYoungGen      total 301568K, used 249545K [0x0000000780800000, 0x0000000797580000, 0x00000007c0000000)
  eden space 273408K, 89% used [0x0000000780800000,0x000000078f610a80,0x0000000791300000)
  from space 28160K, 20% used [0x0000000791300000,0x00000007918a1bd8,0x0000000792e80000)
  to   space 28160K, 0% used [0x0000000795a00000,0x0000000795a00000,0x0000000797580000)
 ParOldGen       total 91648K, used 45308K [0x0000000701800000, 0x0000000707180000, 0x0000000780800000)
  object space 91648K, 49% used [0x0000000701800000,0x000000070443f088,0x0000000707180000)
 Metaspace       used 56532K, capacity 58816K, committed 59028K, reserved 1101824K
  class space    used 7133K, capacity 7568K, committed 7680K, reserved 1048576K
Event: 272.569 GC heap after
Heap after GC invocations=16 (full 2):
 PSYoungGen      total 328704K, used 6937K [0x0000000780800000, 0x0000000796c80000, 0x00000007c0000000)
  eden space 309760K, 0% used [0x0000000780800000,0x0000000780800000,0x0000000793680000)
  from space 18944K, 36% used [0x0000000795a00000,0x00000007960c6558,0x0000000796c80000)
  to   space 27648K, 0% used [0x0000000793680000,0x0000000793680000,0x0000000795180000)
 ParOldGen       total 91648K, used 45316K [0x0000000701800000, 0x0000000707180000, 0x0000000780800000)
  object space 91648K, 49% used [0x0000000701800000,0x0000000704441088,0x0000000707180000)
 Metaspace       used 56532K, capacity 58816K, committed 59028K, reserved 1101824K
  class space    used 7133K, capacity 7568K, committed 7680K, reserved 1048576K
}
Event: 272.569 GC heap before
{Heap before GC invocations=17 (full 3):
 PSYoungGen      total 328704K, used 6937K [0x0000000780800000, 0x0000000796c80000, 0x00000007c0000000)
  eden space 309760K, 0% used [0x0000000780800000,0x0000000780800000,0x0000000793680000)
  from space 18944K, 36% used [0x0000000795a00000,0x00000007960c6558,0x0000000796c80000)
  to   space 27648K, 0% used [0x0000000793680000,0x0000000793680000,0x0000000795180000)
 ParOldGen       total 91648K, used 45316K [0x0000000701800000, 0x0000000707180000, 0x0000000780800000)
  object space 91648K, 49% used [0x0000000701800000,0x0000000704441088,0x0000000707180000)
 Metaspace       used 56532K, capacity 58816K, committed 59028K, reserved 1101824K
  class space    used 7133K, capacity 7568K, committed 7680K, reserved 1048576K
Event: 272.907 GC heap after
Heap after GC invocations=17 (full 3):
 PSYoungGen      total 328704K, used 0K [0x0000000780800000, 0x0000000796c80000, 0x00000007c0000000)
  eden space 309760K, 0% used [0x0000000780800000,0x0000000780800000,0x0000000793680000)
  from space 18944K, 0% used [0x0000000795a00000,0x0000000795a00000,0x0000000796c80000)
  to   space 27648K, 0% used [0x0000000793680000,0x0000000793680000,0x0000000795180000)
 ParOldGen       total 152576K, used 38409K [0x0000000701800000, 0x000000070ad00000, 0x0000000780800000)
  object space 152576K, 25% used [0x0000000701800000,0x0000000703d82650,0x000000070ad00000)
 Metaspace       used 56498K, capacity 58762K, committed 59028K, reserved 1101824K
  class space    used 7128K, capacity 7559K, committed 7680K, reserved 1048576K
}
Event: 504.412 GC heap before
{Heap before GC invocations=18 (full 3):
 PSYoungGen      total 328704K, used 309760K [0x0000000780800000, 0x0000000796c80000, 0x00000007c0000000)
  eden space 309760K, 100% used [0x0000000780800000,0x0000000793680000,0x0000000793680000)
  from space 18944K, 0% used [0x0000000795a00000,0x0000000795a00000,0x0000000796c80000)
  to   space 27648K, 0% used [0x0000000793680000,0x0000000793680000,0x0000000795180000)
 ParOldGen       total 152576K, used 38409K [0x0000000701800000, 0x000000070ad00000, 0x0000000780800000)
  object space 152576K, 25% used [0x0000000701800000,0x0000000703d82650,0x000000070ad00000)
 Metaspace       used 56559K, capacity 58964K, committed 59284K, reserved 1101824K
  class space    used 7132K, capacity 7561K, committed 7680K, reserved 1048576K
Event: 504.418 GC heap after
Heap after GC invocations=18 (full 3):
 PSYoungGen      total 337408K, used 831K [0x0000000780800000, 0x0000000799800000, 0x00000007c0000000)
  eden space 309760K, 0% used [0x0000000780800000,0x0000000780800000,0x0000000793680000)
  from space 27648K, 3% used [0x0000000793680000,0x000000079374fd98,0x0000000795180000)
  to   space 28160K, 0% used [0x0000000797c80000,0x0000000797c80000,0x0000000799800000)
 ParOldGen       total 152576K, used 38417K [0x0000000701800000, 0x000000070ad00000, 0x0000000780800000)
  object space 152576K, 25% used [0x0000000701800000,0x0000000703d84650,0x000000070ad00000)
 Metaspace       used 56559K, capacity 58964K, committed 59284K, reserved 1101824K
  class space    used 7132K, capacity 7561K, committed 7680K, reserved 1048576K
}
Event: 766.035 GC heap before
{Heap before GC invocations=19 (full 3):
 PSYoungGen      total 337408K, used 310591K [0x0000000780800000, 0x0000000799800000, 0x00000007c0000000)
  eden space 309760K, 100% used [0x0000000780800000,0x0000000793680000,0x0000000793680000)
  from space 27648K, 3% used [0x0000000793680000,0x000000079374fd98,0x0000000795180000)
  to   space 28160K, 0% used [0x0000000797c80000,0x0000000797c80000,0x0000000799800000)
 ParOldGen       total 152576K, used 38417K [0x0000000701800000, 0x000000070ad00000, 0x0000000780800000)
  object space 152576K, 25% used [0x0000000701800000,0x0000000703d84650,0x000000070ad00000)
 Metaspace       used 56559K, capacity 58964K, committed 59284K, reserved 1101824K
  class space    used 7132K, capacity 7561K, committed 7680K, reserved 1048576K
Event: 766.039 GC heap after
Heap after GC invocations=19 (full 3):
 PSYoungGen      total 364032K, used 767K [0x0000000780800000, 0x0000000798f80000, 0x00000007c0000000)
  eden space 344576K, 0% used [0x0000000780800000,0x0000000780800000,0x0000000795880000)
  from space 19456K, 3% used [0x0000000797c80000,0x0000000797d3fd98,0x0000000798f80000)
  to   space 28160K, 0% used [0x0000000795880000,0x0000000795880000,0x0000000797400000)
 ParOldGen       total 152576K, used 38417K [0x0000000701800000, 0x000000070ad00000, 0x0000000780800000)
  object space 152576K, 25% used [0x0000000701800000,0x0000000703d84650,0x000000070ad00000)
 Metaspace       used 56559K, capacity 58964K, committed 59284K, reserved 1101824K
  class space    used 7132K, capacity 7561K, committed 7680K, reserved 1048576K
}

