# JRE version: Java(TM) SE Runtime Environment (8.0_121-b13) (build 1.8.0_121-b13)
# Java VM: Java HotSpot(TM) 64-Bit Server VM (25.121-b13 mixed mode windows-amd64 compressed oops)
Heap:
 PSYoungGen      total 187904K, used 64859K [0x0000000780800000, 0x000000078fe00000, 0x00000007c0000000)
  eden space 171008K, 28% used [0x0000000780800000,0x00000007836d88c0,0x000000078af00000)
  from space 16896K, 99% used [0x000000078af00000,0x000000078bf7e668,0x000000078bf80000)
  to   space 21504K, 0% used [0x000000078e900000,0x000000078e900000,0x000000078fe00000)
 ParOldGen       total 146944K, used 29638K [0x0000000701800000, 0x000000070a780000, 0x0000000780800000)
  object space 146944K, 20% used [0x0000000701800000,0x00000007034f18e0,0x000000070a780000)
 Metaspace       used 54192K, capacity 56494K, committed 56624K, reserved 1097728K
  class space    used 7022K, capacity 7434K, committed 7472K, reserved 1048576K
GC Heap History (10 events):
Event: 6.381 GC heap before
{Heap before GC invocations=9 (full 2):
 PSYoungGen      total 111104K, used 10726K [0x0000000780800000, 0x000000078b780000, 0x00000007c0000000)
  eden space 100352K, 0% used [0x0000000780800000,0x0000000780800000,0x0000000786a00000)
  from space 10752K, 99% used [0x0000000786a00000,0x0000000787479ac0,0x0000000787480000)
  to   space 12800K, 0% used [0x000000078ab00000,0x000000078ab00000,0x000000078b780000)
 ParOldGen       total 89600K, used 11087K [0x0000000701800000, 0x0000000706f80000, 0x0000000780800000)
  object space 89600K, 12% used [0x0000000701800000,0x00000007022d3c40,0x0000000706f80000)
 Metaspace       used 34204K, capacity 35486K, committed 35496K, reserved 1079296K
  class space    used 4608K, capacity 4905K, committed 4912K, reserved 1048576K
Event: 6.464 GC heap after
Heap after GC invocations=9 (full 2):
 PSYoungGen      total 111104K, used 0K [0x0000000780800000, 0x000000078b780000, 0x00000007c0000000)
  eden space 100352K, 0% used [0x0000000780800000,0x0000000780800000,0x0000000786a00000)
  from space 10752K, 0% used [0x0000000786a00000,0x0000000786a00000,0x0000000787480000)
  to   space 12800K, 0% used [0x000000078ab00000,0x000000078ab00000,0x000000078b780000)
 ParOldGen       total 146944K, used 16987K [0x0000000701800000, 0x000000070a780000, 0x0000000780800000)
  object space 146944K, 11% used [0x0000000701800000,0x0000000702896f30,0x000000070a780000)
 Metaspace       used 34204K, capacity 35486K, committed 35496K, reserved 1079296K
  class space    used 4608K, capacity 4905K, committed 4912K, reserved 1048576K
}
Event: 8.371 GC heap before
{Heap before GC invocations=10 (full 2):
 PSYoungGen      total 111104K, used 100352K [0x0000000780800000, 0x000000078b780000, 0x00000007c0000000)
  eden space 100352K, 100% used [0x0000000780800000,0x0000000786a00000,0x0000000786a00000)
  from space 10752K, 0% used [0x0000000786a00000,0x0000000786a00000,0x0000000787480000)
  to   space 12800K, 0% used [0x000000078ab00000,0x000000078ab00000,0x000000078b780000)
 ParOldGen       total 146944K, used 16987K [0x0000000701800000, 0x000000070a780000, 0x0000000780800000)
  object space 146944K, 11% used [0x0000000701800000,0x0000000702896f30,0x000000070a780000)
 Metaspace       used 38231K, capacity 39830K, committed 40112K, reserved 1083392K
  class space    used 5112K, capacity 5461K, committed 5552K, reserved 1048576K
Event: 8.382 GC heap after
Heap after GC invocations=10 (full 2):
 PSYoungGen      total 150016K, used 9221K [0x0000000780800000, 0x000000078b480000, 0x00000007c0000000)
  eden space 140288K, 0% used [0x0000000780800000,0x0000000780800000,0x0000000789100000)
  from space 9728K, 94% used [0x000000078ab00000,0x000000078b401778,0x000000078b480000)
  to   space 12288K, 0% used [0x0000000789c80000,0x0000000789c80000,0x000000078a880000)
 ParOldGen       total 146944K, used 16995K [0x0000000701800000, 0x000000070a780000, 0x0000000780800000)
  object space 146944K, 11% used [0x0000000701800000,0x0000000702898f30,0x000000070a780000)
 Metaspace       used 38231K, capacity 39830K, committed 40112K, reserved 1083392K
  class space    used 5112K, capacity 5461K, committed 5552K, reserved 1048576K
}
Event: 9.601 GC heap before
{Heap before GC invocations=11 (full 2):
 PSYoungGen      total 150016K, used 149509K [0x0000000780800000, 0x000000078b480000, 0x00000007c0000000)
  eden space 140288K, 100% used [0x0000000780800000,0x0000000789100000,0x0000000789100000)
  from space 9728K, 94% used [0x000000078ab00000,0x000000078b401778,0x000000078b480000)
  to   space 12288K, 0% used [0x0000000789c80000,0x0000000789c80000,0x000000078a880000)
 ParOldGen       total 146944K, used 16995K [0x0000000701800000, 0x000000070a780000, 0x0000000780800000)
  object space 146944K, 11% used [0x0000000701800000,0x0000000702898f30,0x000000070a780000)
 Metaspace       used 41543K, capacity 43316K, committed 43568K, reserved 1087488K
  class space    used 5562K, capacity 5914K, committed 5936K, reserved 1048576K
Event: 9.617 GC heap after
Heap after GC invocations=11 (full 2):
 PSYoungGen      total 164352K, used 12285K [0x0000000780800000, 0x000000078cd80000, 0x00000007c0000000)
  eden space 152064K, 0% used [0x0000000780800000,0x0000000780800000,0x0000000789c80000)
  from space 12288K, 99% used [0x0000000789c80000,0x000000078a87f480,0x000000078a880000)
  to   space 14336K, 0% used [0x000000078bf80000,0x000000078bf80000,0x000000078cd80000)
 ParOldGen       total 146944K, used 18401K [0x0000000701800000, 0x000000070a780000, 0x0000000780800000)
  object space 146944K, 12% used [0x0000000701800000,0x00000007029f8468,0x000000070a780000)
 Metaspace       used 41543K, capacity 43316K, committed 43568K, reserved 1087488K
  class space    used 5562K, capacity 5914K, committed 5936K, reserved 1048576K
}
Event: 10.761 GC heap before
{Heap before GC invocations=12 (full 2):
 PSYoungGen      total 164352K, used 164349K [0x0000000780800000, 0x000000078cd80000, 0x00000007c0000000)
  eden space 152064K, 100% used [0x0000000780800000,0x0000000789c80000,0x0000000789c80000)
  from space 12288K, 99% used [0x0000000789c80000,0x000000078a87f480,0x000000078a880000)
  to   space 14336K, 0% used [0x000000078bf80000,0x000000078bf80000,0x000000078cd80000)
 ParOldGen       total 146944K, used 18401K [0x0000000701800000, 0x000000070a780000, 0x0000000780800000)
  object space 146944K, 12% used [0x0000000701800000,0x00000007029f8468,0x000000070a780000)
 Metaspace       used 44309K, capacity 46380K, committed 46640K, reserved 1089536K
  class space    used 5926K, capacity 6330K, committed 6448K, reserved 1048576K
Event: 10.781 GC heap after
Heap after GC invocations=12 (full 2):
 PSYoungGen      total 185344K, used 14305K [0x0000000780800000, 0x000000078e200000, 0x00000007c0000000)
  eden space 171008K, 0% used [0x0000000780800000,0x0000000780800000,0x000000078af00000)
  from space 14336K, 99% used [0x000000078bf80000,0x000000078cd78420,0x000000078cd80000)
  to   space 16896K, 0% used [0x000000078af00000,0x000000078af00000,0x000000078bf80000)
 ParOldGen       total 146944K, used 22397K [0x0000000701800000, 0x000000070a780000, 0x0000000780800000)
  object space 146944K, 15% used [0x0000000701800000,0x0000000702ddf5d0,0x000000070a780000)
 Metaspace       used 44309K, capacity 46380K, committed 46640K, reserved 1089536K
  class space    used 5926K, capacity 6330K, committed 6448K, reserved 1048576K
}
Event: 16.313 GC heap before
{Heap before GC invocations=13 (full 2):
 PSYoungGen      total 185344K, used 185306K [0x0000000780800000, 0x000000078e200000, 0x00000007c0000000)
  eden space 171008K, 99% used [0x0000000780800000,0x000000078aefe7d8,0x000000078af00000)
  from space 14336K, 99% used [0x000000078bf80000,0x000000078cd78420,0x000000078cd80000)
  to   space 16896K, 0% used [0x000000078af00000,0x000000078af00000,0x000000078bf80000)
 ParOldGen       total 146944K, used 22397K [0x0000000701800000, 0x000000070a780000, 0x0000000780800000)
  object space 146944K, 15% used [0x0000000701800000,0x0000000702ddf5d0,0x000000070a780000)
 Metaspace       used 51228K, capacity 53490K, committed 53552K, reserved 1095680K
  class space    used 6730K, capacity 7161K, committed 7216K, reserved 1048576K
Event: 16.343 GC heap after
Heap after GC invocations=13 (full 2):
 PSYoungGen      total 187904K, used 16889K [0x0000000780800000, 0x000000078fe00000, 0x00000007c0000000)
  eden space 171008K, 0% used [0x0000000780800000,0x0000000780800000,0x000000078af00000)
  from space 16896K, 99% used [0x000000078af00000,0x000000078bf7e668,0x000000078bf80000)
  to   space 21504K, 0% used [0x000000078e900000,0x000000078e900000,0x000000078fe00000)
 ParOldGen       total 146944K, used 29638K [0x0000000701800000, 0x000000070a780000, 0x0000000780800000)
  object space 146944K, 20% used [0x0000000701800000,0x00000007034f18e0,0x000000070a780000)
 Metaspace       used 51228K, capacity 53490K, committed 53552K, reserved 1095680K
  class space    used 6730K, capacity 7161K, committed 7216K, reserved 1048576K
}

