# JRE version: Java(TM) SE Runtime Environment (8.0_121-b13) (build 1.8.0_121-b13)
# Java VM: Java HotSpot(TM) 64-Bit Server VM (25.121-b13 mixed mode windows-amd64 compressed oops)
Heap:
 PSYoungGen      total 344576K, used 122597K [0x0000000780800000, 0x0000000798300000, 0x00000007c0000000)
  eden space 325120K, 31% used [0x0000000780800000,0x0000000786cb9618,0x0000000794580000)
  from space 19456K, 99% used [0x0000000795e80000,0x000000079717fe38,0x0000000797180000)
  to   space 25600K, 0% used [0x0000000794580000,0x0000000794580000,0x0000000795e80000)
 ParOldGen       total 123392K, used 29936K [0x0000000701800000, 0x0000000709080000, 0x0000000780800000)
  object space 123392K, 24% used [0x0000000701800000,0x000000070353c220,0x0000000709080000)
 Metaspace       used 54505K, capacity 56854K, committed 57136K, reserved 1099776K
  class space    used 7057K, capacity 7466K, committed 7472K, reserved 1048576K
GC Heap History (10 events):
Event: 6.471 GC heap before
{Heap before GC invocations=6 (full 1):
 PSYoungGen      total 164864K, used 106853K [0x0000000780800000, 0x000000078b380000, 0x00000007c0000000)
  eden space 156672K, 62% used [0x0000000780800000,0x000000078685f538,0x000000078a100000)
  from space 8192K, 99% used [0x000000078ab80000,0x000000078b37a228,0x000000078b380000)
  to   space 8192K, 0% used [0x000000078a380000,0x000000078a380000,0x000000078ab80000)
 ParOldGen       total 73728K, used 13832K [0x0000000701800000, 0x0000000706000000, 0x0000000780800000)
  object space 73728K, 18% used [0x0000000701800000,0x0000000702582268,0x0000000706000000)
 Metaspace       used 34186K, capacity 35486K, committed 35496K, reserved 1079296K
  class space    used 4606K, capacity 4905K, committed 4912K, reserved 1048576K
Event: 6.493 GC heap after
Heap after GC invocations=6 (full 1):
 PSYoungGen      total 167424K, used 8169K [0x0000000780800000, 0x0000000791a00000, 0x00000007c0000000)
  eden space 159232K, 0% used [0x0000000780800000,0x0000000780800000,0x000000078a380000)
  from space 8192K, 99% used [0x000000078a380000,0x000000078ab7a430,0x000000078ab80000)
  to   space 15360K, 0% used [0x0000000790b00000,0x0000000790b00000,0x0000000791a00000)
 ParOldGen       total 73728K, used 18719K [0x0000000701800000, 0x0000000706000000, 0x0000000780800000)
  object space 73728K, 25% used [0x0000000701800000,0x0000000702a47d00,0x0000000706000000)
 Metaspace       used 34186K, capacity 35486K, committed 35496K, reserved 1079296K
  class space    used 4606K, capacity 4905K, committed 4912K, reserved 1048576K
}
Event: 6.493 GC heap before
{Heap before GC invocations=7 (full 2):
 PSYoungGen      total 167424K, used 8169K [0x0000000780800000, 0x0000000791a00000, 0x00000007c0000000)
  eden space 159232K, 0% used [0x0000000780800000,0x0000000780800000,0x000000078a380000)
  from space 8192K, 99% used [0x000000078a380000,0x000000078ab7a430,0x000000078ab80000)
  to   space 15360K, 0% used [0x0000000790b00000,0x0000000790b00000,0x0000000791a00000)
 ParOldGen       total 73728K, used 18719K [0x0000000701800000, 0x0000000706000000, 0x0000000780800000)
  object space 73728K, 25% used [0x0000000701800000,0x0000000702a47d00,0x0000000706000000)
 Metaspace       used 34186K, capacity 35486K, committed 35496K, reserved 1079296K
  class space    used 4606K, capacity 4905K, committed 4912K, reserved 1048576K
Event: 6.573 GC heap after
Heap after GC invocations=7 (full 2):
 PSYoungGen      total 167424K, used 0K [0x0000000780800000, 0x0000000791a00000, 0x00000007c0000000)
  eden space 159232K, 0% used [0x0000000780800000,0x0000000780800000,0x000000078a380000)
  from space 8192K, 0% used [0x000000078a380000,0x000000078a380000,0x000000078ab80000)
  to   space 15360K, 0% used [0x0000000790b00000,0x0000000790b00000,0x0000000791a00000)
 ParOldGen       total 123392K, used 17817K [0x0000000701800000, 0x0000000709080000, 0x0000000780800000)
  object space 123392K, 14% used [0x0000000701800000,0x00000007029665f8,0x0000000709080000)
 Metaspace       used 34186K, capacity 35486K, committed 35496K, reserved 1079296K
  class space    used 4606K, capacity 4905K, committed 4912K, reserved 1048576K
}
Event: 8.967 GC heap before
{Heap before GC invocations=8 (full 2):
 PSYoungGen      total 167424K, used 159232K [0x0000000780800000, 0x0000000791a00000, 0x00000007c0000000)
  eden space 159232K, 100% used [0x0000000780800000,0x000000078a380000,0x000000078a380000)
  from space 8192K, 0% used [0x000000078a380000,0x000000078a380000,0x000000078ab80000)
  to   space 15360K, 0% used [0x0000000790b00000,0x0000000790b00000,0x0000000791a00000)
 ParOldGen       total 123392K, used 17817K [0x0000000701800000, 0x0000000709080000, 0x0000000780800000)
  object space 123392K, 14% used [0x0000000701800000,0x00000007029665f8,0x0000000709080000)
 Metaspace       used 39667K, capacity 41274K, committed 41520K, reserved 1085440K
  class space    used 5312K, capacity 5645K, committed 5680K, reserved 1048576K
Event: 8.981 GC heap after
Heap after GC invocations=8 (full 2):
 PSYoungGen      total 244224K, used 12425K [0x0000000780800000, 0x0000000791780000, 0x00000007c0000000)
  eden space 231424K, 0% used [0x0000000780800000,0x0000000780800000,0x000000078ea00000)
  from space 12800K, 97% used [0x0000000790b00000,0x0000000791722438,0x0000000791780000)
  to   space 15872K, 0% used [0x000000078f880000,0x000000078f880000,0x0000000790800000)
 ParOldGen       total 123392K, used 17825K [0x0000000701800000, 0x0000000709080000, 0x0000000780800000)
  object space 123392K, 14% used [0x0000000701800000,0x00000007029685f8,0x0000000709080000)
 Metaspace       used 39667K, capacity 41274K, committed 41520K, reserved 1085440K
  class space    used 5312K, capacity 5645K, committed 5680K, reserved 1048576K
}
Event: 10.867 GC heap before
{Heap before GC invocations=9 (full 2):
 PSYoungGen      total 244224K, used 243849K [0x0000000780800000, 0x0000000791780000, 0x00000007c0000000)
  eden space 231424K, 100% used [0x0000000780800000,0x000000078ea00000,0x000000078ea00000)
  from space 12800K, 97% used [0x0000000790b00000,0x0000000791722438,0x0000000791780000)
  to   space 15872K, 0% used [0x000000078f880000,0x000000078f880000,0x0000000790800000)
 ParOldGen       total 123392K, used 17825K [0x0000000701800000, 0x0000000709080000, 0x0000000780800000)
  object space 123392K, 14% used [0x0000000701800000,0x00000007029685f8,0x0000000709080000)
 Metaspace       used 44123K, capacity 46164K, committed 46256K, reserved 1089536K
  class space    used 5901K, capacity 6298K, committed 6320K, reserved 1048576K
Event: 10.889 GC heap after
Heap after GC invocations=9 (full 2):
 PSYoungGen      total 262144K, used 15849K [0x0000000780800000, 0x0000000797180000, 0x00000007c0000000)
  eden space 246272K, 0% used [0x0000000780800000,0x0000000780800000,0x000000078f880000)
  from space 15872K, 99% used [0x000000078f880000,0x00000007907fa640,0x0000000790800000)
  to   space 19456K, 0% used [0x0000000795e80000,0x0000000795e80000,0x0000000797180000)
 ParOldGen       total 123392K, used 21482K [0x0000000701800000, 0x0000000709080000, 0x0000000780800000)
  object space 123392K, 17% used [0x0000000701800000,0x0000000702cfaa50,0x0000000709080000)
 Metaspace       used 44123K, capacity 46164K, committed 46256K, reserved 1089536K
  class space    used 5901K, capacity 6298K, committed 6320K, reserved 1048576K
}
Event: 38.879 GC heap before
{Heap before GC invocations=10 (full 2):
 PSYoungGen      total 262144K, used 262121K [0x0000000780800000, 0x0000000797180000, 0x00000007c0000000)
  eden space 246272K, 100% used [0x0000000780800000,0x000000078f880000,0x000000078f880000)
  from space 15872K, 99% used [0x000000078f880000,0x00000007907fa640,0x0000000790800000)
  to   space 19456K, 0% used [0x0000000795e80000,0x0000000795e80000,0x0000000797180000)
 ParOldGen       total 123392K, used 21482K [0x0000000701800000, 0x0000000709080000, 0x0000000780800000)
  object space 123392K, 17% used [0x0000000701800000,0x0000000702cfaa50,0x0000000709080000)
 Metaspace       used 54128K, capacity 56496K, committed 56624K, reserved 1097728K
  class space    used 7014K, capacity 7433K, committed 7472K, reserved 1048576K
Event: 38.912 GC heap after
Heap after GC invocations=10 (full 2):
 PSYoungGen      total 344576K, used 19455K [0x0000000780800000, 0x0000000798300000, 0x00000007c0000000)
  eden space 325120K, 0% used [0x0000000780800000,0x0000000780800000,0x0000000794580000)
  from space 19456K, 99% used [0x0000000795e80000,0x000000079717fe38,0x0000000797180000)
  to   space 25600K, 0% used [0x0000000794580000,0x0000000794580000,0x0000000795e80000)
 ParOldGen       total 123392K, used 29936K [0x0000000701800000, 0x0000000709080000, 0x0000000780800000)
  object space 123392K, 24% used [0x0000000701800000,0x000000070353c220,0x0000000709080000)
 Metaspace       used 54128K, capacity 56496K, committed 56624K, reserved 1097728K
  class space    used 7014K, capacity 7433K, committed 7472K, reserved 1048576K
}

