# JRE version: Java(TM) SE Runtime Environment (8.0_121-b13) (build 1.8.0_121-b13)
# Java VM: Java HotSpot(TM) 64-Bit Server VM (25.121-b13 mixed mode windows-amd64 compressed oops)
Heap:
 PSYoungGen      total 241152K, used 56898K [0x0000000780800000, 0x0000000794180000, 0x00000007c0000000)
  eden space 221184K, 16% used [0x0000000780800000,0x0000000782c11cf8,0x000000078e000000)
  from space 19968K, 99% used [0x000000078e000000,0x000000078f37ede8,0x000000078f380000)
  to   space 25088K, 0% used [0x0000000792900000,0x0000000792900000,0x0000000794180000)
 ParOldGen       total 129536K, used 31885K [0x0000000701800000, 0x0000000709680000, 0x0000000780800000)
  object space 129536K, 24% used [0x0000000701800000,0x00000007037237b8,0x0000000709680000)
 Metaspace       used 54882K, capacity 57294K, committed 57472K, reserved 1099776K
  class space    used 7078K, capacity 7506K, committed 7552K, reserved 1048576K
GC Heap History (10 events):
Event: 10.210 GC heap before
{Heap before GC invocations=9 (full 2):
 PSYoungGen      total 133632K, used 11771K [0x0000000780800000, 0x000000078ea80000, 0x00000007c0000000)
  eden space 121856K, 0% used [0x0000000780800000,0x0000000780800000,0x0000000787f00000)
  from space 11776K, 99% used [0x0000000787f00000,0x0000000788a7eea8,0x0000000788a80000)
  to   space 13312K, 0% used [0x000000078dd80000,0x000000078dd80000,0x000000078ea80000)
 ParOldGen       total 81920K, used 10273K [0x0000000701800000, 0x0000000706800000, 0x0000000780800000)
  object space 81920K, 12% used [0x0000000701800000,0x0000000702208500,0x0000000706800000)
 Metaspace       used 34155K, capacity 35368K, committed 35416K, reserved 1079296K
  class space    used 4578K, capacity 4842K, committed 4864K, reserved 1048576K
Event: 10.292 GC heap after
Heap after GC invocations=9 (full 2):
 PSYoungGen      total 133632K, used 0K [0x0000000780800000, 0x000000078ea80000, 0x00000007c0000000)
  eden space 121856K, 0% used [0x0000000780800000,0x0000000780800000,0x0000000787f00000)
  from space 11776K, 0% used [0x0000000787f00000,0x0000000787f00000,0x0000000788a80000)
  to   space 13312K, 0% used [0x000000078dd80000,0x000000078dd80000,0x000000078ea80000)
 ParOldGen       total 129536K, used 16734K [0x0000000701800000, 0x0000000709680000, 0x0000000780800000)
  object space 129536K, 12% used [0x0000000701800000,0x00000007028578b0,0x0000000709680000)
 Metaspace       used 34155K, capacity 35368K, committed 35416K, reserved 1079296K
  class space    used 4578K, capacity 4842K, committed 4864K, reserved 1048576K
}
Event: 12.689 GC heap before
{Heap before GC invocations=10 (full 2):
 PSYoungGen      total 133632K, used 121856K [0x0000000780800000, 0x000000078ea80000, 0x00000007c0000000)
  eden space 121856K, 100% used [0x0000000780800000,0x0000000787f00000,0x0000000787f00000)
  from space 11776K, 0% used [0x0000000787f00000,0x0000000787f00000,0x0000000788a80000)
  to   space 13312K, 0% used [0x000000078dd80000,0x000000078dd80000,0x000000078ea80000)
 ParOldGen       total 129536K, used 16734K [0x0000000701800000, 0x0000000709680000, 0x0000000780800000)
  object space 129536K, 12% used [0x0000000701800000,0x00000007028578b0,0x0000000709680000)
 Metaspace       used 38432K, capacity 39946K, committed 40064K, reserved 1083392K
  class space    used 5123K, capacity 5433K, committed 5504K, reserved 1048576K
Event: 12.701 GC heap after
Heap after GC invocations=10 (full 2):
 PSYoungGen      total 188928K, used 10406K [0x0000000780800000, 0x000000078e800000, 0x00000007c0000000)
  eden space 178176K, 0% used [0x0000000780800000,0x0000000780800000,0x000000078b600000)
  from space 10752K, 96% used [0x000000078dd80000,0x000000078e7a9a68,0x000000078e800000)
  to   space 13824K, 0% used [0x000000078cd00000,0x000000078cd00000,0x000000078da80000)
 ParOldGen       total 129536K, used 16742K [0x0000000701800000, 0x0000000709680000, 0x0000000780800000)
  object space 129536K, 12% used [0x0000000701800000,0x00000007028598b0,0x0000000709680000)
 Metaspace       used 38432K, capacity 39946K, committed 40064K, reserved 1083392K
  class space    used 5123K, capacity 5433K, committed 5504K, reserved 1048576K
}
Event: 14.532 GC heap before
{Heap before GC invocations=11 (full 2):
 PSYoungGen      total 188928K, used 188582K [0x0000000780800000, 0x000000078e800000, 0x00000007c0000000)
  eden space 178176K, 100% used [0x0000000780800000,0x000000078b600000,0x000000078b600000)
  from space 10752K, 96% used [0x000000078dd80000,0x000000078e7a9a68,0x000000078e800000)
  to   space 13824K, 0% used [0x000000078cd00000,0x000000078cd00000,0x000000078da80000)
 ParOldGen       total 129536K, used 16742K [0x0000000701800000, 0x0000000709680000, 0x0000000780800000)
  object space 129536K, 12% used [0x0000000701800000,0x00000007028598b0,0x0000000709680000)
 Metaspace       used 41896K, capacity 43664K, committed 43904K, reserved 1087488K
  class space    used 5555K, capacity 5926K, committed 6016K, reserved 1048576K
Event: 14.550 GC heap after
Heap after GC invocations=11 (full 2):
 PSYoungGen      total 215552K, used 13813K [0x0000000780800000, 0x0000000790300000, 0x00000007c0000000)
  eden space 201728K, 0% used [0x0000000780800000,0x0000000780800000,0x000000078cd00000)
  from space 13824K, 99% used [0x000000078cd00000,0x000000078da7d5b0,0x000000078da80000)
  to   space 15872K, 0% used [0x000000078f380000,0x000000078f380000,0x0000000790300000)
 ParOldGen       total 129536K, used 18600K [0x0000000701800000, 0x0000000709680000, 0x0000000780800000)
  object space 129536K, 14% used [0x0000000701800000,0x0000000702a2a298,0x0000000709680000)
 Metaspace       used 41896K, capacity 43664K, committed 43904K, reserved 1087488K
  class space    used 5555K, capacity 5926K, committed 6016K, reserved 1048576K
}
Event: 16.689 GC heap before
{Heap before GC invocations=12 (full 2):
 PSYoungGen      total 215552K, used 215541K [0x0000000780800000, 0x0000000790300000, 0x00000007c0000000)
  eden space 201728K, 100% used [0x0000000780800000,0x000000078cd00000,0x000000078cd00000)
  from space 13824K, 99% used [0x000000078cd00000,0x000000078da7d5b0,0x000000078da80000)
  to   space 15872K, 0% used [0x000000078f380000,0x000000078f380000,0x0000000790300000)
 ParOldGen       total 129536K, used 18600K [0x0000000701800000, 0x0000000709680000, 0x0000000780800000)
  object space 129536K, 14% used [0x0000000701800000,0x0000000702a2a298,0x0000000709680000)
 Metaspace       used 45992K, capacity 48044K, committed 48384K, reserved 1091584K
  class space    used 6172K, capacity 6574K, committed 6656K, reserved 1048576K
Event: 16.714 GC heap after
Heap after GC invocations=12 (full 2):
 PSYoungGen      total 237056K, used 15854K [0x0000000780800000, 0x0000000792780000, 0x00000007c0000000)
  eden space 221184K, 0% used [0x0000000780800000,0x0000000780800000,0x000000078e000000)
  from space 15872K, 99% used [0x000000078f380000,0x00000007902fbb30,0x0000000790300000)
  to   space 19968K, 0% used [0x000000078e000000,0x000000078e000000,0x000000078f380000)
 ParOldGen       total 129536K, used 25437K [0x0000000701800000, 0x0000000709680000, 0x0000000780800000)
  object space 129536K, 19% used [0x0000000701800000,0x00000007030d7510,0x0000000709680000)
 Metaspace       used 45992K, capacity 48044K, committed 48384K, reserved 1091584K
  class space    used 6172K, capacity 6574K, committed 6656K, reserved 1048576K
}
Event: 39.582 GC heap before
{Heap before GC invocations=13 (full 2):
 PSYoungGen      total 237056K, used 237038K [0x0000000780800000, 0x0000000792780000, 0x00000007c0000000)
  eden space 221184K, 100% used [0x0000000780800000,0x000000078e000000,0x000000078e000000)
  from space 15872K, 99% used [0x000000078f380000,0x00000007902fbb30,0x0000000790300000)
  to   space 19968K, 0% used [0x000000078e000000,0x000000078e000000,0x000000078f380000)
 ParOldGen       total 129536K, used 25437K [0x0000000701800000, 0x0000000709680000, 0x0000000780800000)
  object space 129536K, 19% used [0x0000000701800000,0x00000007030d7510,0x0000000709680000)
 Metaspace       used 54769K, capacity 57154K, committed 57472K, reserved 1099776K
  class space    used 7073K, capacity 7503K, committed 7552K, reserved 1048576K
Event: 39.622 GC heap after
Heap after GC invocations=13 (full 2):
 PSYoungGen      total 241152K, used 19963K [0x0000000780800000, 0x0000000794180000, 0x00000007c0000000)
  eden space 221184K, 0% used [0x0000000780800000,0x0000000780800000,0x000000078e000000)
  from space 19968K, 99% used [0x000000078e000000,0x000000078f37ede8,0x000000078f380000)
  to   space 25088K, 0% used [0x0000000792900000,0x0000000792900000,0x0000000794180000)
 ParOldGen       total 129536K, used 31885K [0x0000000701800000, 0x0000000709680000, 0x0000000780800000)
  object space 129536K, 24% used [0x0000000701800000,0x00000007037237b8,0x0000000709680000)
 Metaspace       used 54769K, capacity 57154K, committed 57472K, reserved 1099776K
  class space    used 7073K, capacity 7503K, committed 7552K, reserved 1048576K
}

