# JRE version: Java(TM) SE Runtime Environment (8.0_121-b13) (build 1.8.0_121-b13)
# Java VM: Java HotSpot(TM) 64-Bit Server VM (25.121-b13 mixed mode windows-amd64 compressed oops)
Heap:
 PSYoungGen      total 328704K, used 154941K [0x0000000780800000, 0x0000000797600000, 0x00000007c0000000)
  eden space 298496K, 46% used [0x0000000780800000,0x0000000789033a70,0x0000000792b80000)
  from space 30208K, 51% used [0x0000000792b80000,0x0000000793a9ba70,0x0000000794900000)
  to   space 29696K, 0% used [0x0000000795900000,0x0000000795900000,0x0000000797600000)
 ParOldGen       total 223232K, used 35531K [0x0000000701800000, 0x000000070f200000, 0x0000000780800000)
  object space 223232K, 15% used [0x0000000701800000,0x0000000703ab2ca0,0x000000070f200000)
 Metaspace       used 56556K, capacity 59376K, committed 59540K, reserved 1101824K
  class space    used 7170K, capacity 7599K, committed 7680K, reserved 1048576K
GC Heap History (10 events):
Event: 39.253 GC heap before
{Heap before GC invocations=18 (full 3):
 PSYoungGen      total 271360K, used 9239K [0x0000000780800000, 0x0000000795700000, 0x00000007c0000000)
  eden space 240128K, 0% used [0x0000000780800000,0x0000000780800000,0x000000078f280000)
  from space 31232K, 29% used [0x000000078f280000,0x000000078fb85f40,0x0000000791100000)
  to   space 30720K, 0% used [0x0000000793900000,0x0000000793900000,0x0000000795700000)
 ParOldGen       total 143872K, used 49425K [0x0000000701800000, 0x000000070a480000, 0x0000000780800000)
  object space 143872K, 34% used [0x0000000701800000,0x0000000704844470,0x000000070a480000)
 Metaspace       used 56375K, capacity 58826K, committed 59028K, reserved 1101824K
  class space    used 7154K, capacity 7576K, committed 7680K, reserved 1048576K
Event: 39.613 GC heap after
Heap after GC invocations=18 (full 3):
 PSYoungGen      total 271360K, used 0K [0x0000000780800000, 0x0000000795700000, 0x00000007c0000000)
  eden space 240128K, 0% used [0x0000000780800000,0x0000000780800000,0x000000078f280000)
  from space 31232K, 0% used [0x000000078f280000,0x000000078f280000,0x0000000791100000)
  to   space 30720K, 0% used [0x0000000793900000,0x0000000793900000,0x0000000795700000)
 ParOldGen       total 223232K, used 35515K [0x0000000701800000, 0x000000070f200000, 0x0000000780800000)
  object space 223232K, 15% used [0x0000000701800000,0x0000000703aaeca0,0x000000070f200000)
 Metaspace       used 56341K, capacity 58772K, committed 59028K, reserved 1101824K
  class space    used 7149K, capacity 7567K, committed 7680K, reserved 1048576K
}
Event: 72.516 GC heap before
{Heap before GC invocations=19 (full 3):
 PSYoungGen      total 271360K, used 239916K [0x0000000780800000, 0x0000000795700000, 0x00000007c0000000)
  eden space 240128K, 99% used [0x0000000780800000,0x000000078f24b098,0x000000078f280000)
  from space 31232K, 0% used [0x000000078f280000,0x000000078f280000,0x0000000791100000)
  to   space 30720K, 0% used [0x0000000793900000,0x0000000793900000,0x0000000795700000)
 ParOldGen       total 223232K, used 35515K [0x0000000701800000, 0x000000070f200000, 0x0000000780800000)
  object space 223232K, 15% used [0x0000000701800000,0x0000000703aaeca0,0x000000070f200000)
 Metaspace       used 56469K, capacity 59090K, committed 59284K, reserved 1101824K
  class space    used 7163K, capacity 7590K, committed 7680K, reserved 1048576K
Event: 72.525 GC heap after
Heap after GC invocations=19 (full 3):
 PSYoungGen      total 305152K, used 9445K [0x0000000780800000, 0x0000000795280000, 0x00000007c0000000)
  eden space 279040K, 0% used [0x0000000780800000,0x0000000780800000,0x0000000791880000)
  from space 26112K, 36% used [0x0000000793900000,0x00000007942397d8,0x0000000795280000)
  to   space 29696K, 0% used [0x0000000791880000,0x0000000791880000,0x0000000793580000)
 ParOldGen       total 223232K, used 35523K [0x0000000701800000, 0x000000070f200000, 0x0000000780800000)
  object space 223232K, 15% used [0x0000000701800000,0x0000000703ab0ca0,0x000000070f200000)
 Metaspace       used 56469K, capacity 59090K, committed 59284K, reserved 1101824K
  class space    used 7163K, capacity 7590K, committed 7680K, reserved 1048576K
}
Event: 135.003 GC heap before
{Heap before GC invocations=20 (full 3):
 PSYoungGen      total 305152K, used 284854K [0x0000000780800000, 0x0000000795280000, 0x00000007c0000000)
  eden space 279040K, 98% used [0x0000000780800000,0x00000007914f4408,0x0000000791880000)
  from space 26112K, 36% used [0x0000000793900000,0x00000007942397d8,0x0000000795280000)
  to   space 29696K, 0% used [0x0000000791880000,0x0000000791880000,0x0000000793580000)
 ParOldGen       total 223232K, used 35523K [0x0000000701800000, 0x000000070f200000, 0x0000000780800000)
  object space 223232K, 15% used [0x0000000701800000,0x0000000703ab0ca0,0x000000070f200000)
 Metaspace       used 56493K, capacity 59166K, committed 59284K, reserved 1101824K
  class space    used 7166K, capacity 7593K, committed 7680K, reserved 1048576K
Event: 135.012 GC heap after
Heap after GC invocations=20 (full 3):
 PSYoungGen      total 308736K, used 18362K [0x0000000780800000, 0x0000000796a80000, 0x00000007c0000000)
  eden space 279040K, 0% used [0x0000000780800000,0x0000000780800000,0x0000000791880000)
  from space 29696K, 61% used [0x0000000791880000,0x0000000792a6e8b0,0x0000000793580000)
  to   space 29696K, 0% used [0x0000000794d80000,0x0000000794d80000,0x0000000796a80000)
 ParOldGen       total 223232K, used 35523K [0x0000000701800000, 0x000000070f200000, 0x0000000780800000)
  object space 223232K, 15% used [0x0000000701800000,0x0000000703ab0ca0,0x000000070f200000)
 Metaspace       used 56493K, capacity 59166K, committed 59284K, reserved 1101824K
  class space    used 7166K, capacity 7593K, committed 7680K, reserved 1048576K
}
Event: 190.360 GC heap before
{Heap before GC invocations=21 (full 3):
 PSYoungGen      total 308736K, used 297402K [0x0000000780800000, 0x0000000796a80000, 0x00000007c0000000)
  eden space 279040K, 100% used [0x0000000780800000,0x0000000791880000,0x0000000791880000)
  from space 29696K, 61% used [0x0000000791880000,0x0000000792a6e8b0,0x0000000793580000)
  to   space 29696K, 0% used [0x0000000794d80000,0x0000000794d80000,0x0000000796a80000)
 ParOldGen       total 223232K, used 35523K [0x0000000701800000, 0x000000070f200000, 0x0000000780800000)
  object space 223232K, 15% used [0x0000000701800000,0x0000000703ab0ca0,0x000000070f200000)
 Metaspace       used 56494K, capacity 59166K, committed 59284K, reserved 1101824K
  class space    used 7166K, capacity 7593K, committed 7680K, reserved 1048576K
Event: 190.365 GC heap after
Heap after GC invocations=21 (full 3):
 PSYoungGen      total 324096K, used 1823K [0x0000000780800000, 0x0000000796680000, 0x00000007c0000000)
  eden space 298496K, 0% used [0x0000000780800000,0x0000000780800000,0x0000000792b80000)
  from space 25600K, 7% used [0x0000000794d80000,0x0000000794f47fb8,0x0000000796680000)
  to   space 30208K, 0% used [0x0000000792b80000,0x0000000792b80000,0x0000000794900000)
 ParOldGen       total 223232K, used 35531K [0x0000000701800000, 0x000000070f200000, 0x0000000780800000)
  object space 223232K, 15% used [0x0000000701800000,0x0000000703ab2ca0,0x000000070f200000)
 Metaspace       used 56494K, capacity 59166K, committed 59284K, reserved 1101824K
  class space    used 7166K, capacity 7593K, committed 7680K, reserved 1048576K
}
Event: 228.916 GC heap before
{Heap before GC invocations=22 (full 3):
 PSYoungGen      total 324096K, used 295924K [0x0000000780800000, 0x0000000796680000, 0x00000007c0000000)
  eden space 298496K, 98% used [0x0000000780800000,0x0000000792735358,0x0000000792b80000)
  from space 25600K, 7% used [0x0000000794d80000,0x0000000794f47fb8,0x0000000796680000)
  to   space 30208K, 0% used [0x0000000792b80000,0x0000000792b80000,0x0000000794900000)
 ParOldGen       total 223232K, used 35531K [0x0000000701800000, 0x000000070f200000, 0x0000000780800000)
  object space 223232K, 15% used [0x0000000701800000,0x0000000703ab2ca0,0x000000070f200000)
 Metaspace       used 56537K, capacity 59306K, committed 59540K, reserved 1101824K
  class space    used 7168K, capacity 7597K, committed 7680K, reserved 1048576K
Event: 228.927 GC heap after
Heap after GC invocations=22 (full 3):
 PSYoungGen      total 328704K, used 15470K [0x0000000780800000, 0x0000000797600000, 0x00000007c0000000)
  eden space 298496K, 0% used [0x0000000780800000,0x0000000780800000,0x0000000792b80000)
  from space 30208K, 51% used [0x0000000792b80000,0x0000000793a9ba70,0x0000000794900000)
  to   space 29696K, 0% used [0x0000000795900000,0x0000000795900000,0x0000000797600000)
 ParOldGen       total 223232K, used 35531K [0x0000000701800000, 0x000000070f200000, 0x0000000780800000)
  object space 223232K, 15% used [0x0000000701800000,0x0000000703ab2ca0,0x000000070f200000)
 Metaspace       used 56537K, capacity 59306K, committed 59540K, reserved 1101824K
  class space    used 7168K, capacity 7597K, committed 7680K, reserved 1048576K
}

