# JRE version: Java(TM) SE Runtime Environment (8.0_121-b13) (build 1.8.0_121-b13)
# Java VM: Java HotSpot(TM) 64-Bit Server VM (25.121-b13 mixed mode windows-amd64 compressed oops)
Heap:
 PSYoungGen      total 370688K, used 176466K [0x0000000780800000, 0x000000079a300000, 0x00000007c0000000)
  eden space 343040K, 45% used [0x0000000780800000,0x000000078a06af20,0x0000000795700000)
  from space 27648K, 73% used [0x0000000795700000,0x0000000796ae9990,0x0000000797200000)
  to   space 29184K, 0% used [0x0000000798680000,0x0000000798680000,0x000000079a300000)
 ParOldGen       total 200192K, used 35547K [0x0000000701800000, 0x000000070db80000, 0x0000000780800000)
  object space 200192K, 17% used [0x0000000701800000,0x0000000703ab6f18,0x000000070db80000)
 Metaspace       used 56460K, capacity 59222K, committed 59540K, reserved 1101824K
  class space    used 7161K, capacity 7595K, committed 7680K, reserved 1048576K
GC Heap History (10 events):
Event: 84.491 GC heap before
{Heap before GC invocations=18 (full 3):
 PSYoungGen      total 305664K, used 7656K [0x0000000780800000, 0x0000000797480000, 0x00000007c0000000)
  eden space 280064K, 0% used [0x0000000780800000,0x0000000780800000,0x0000000791980000)
  from space 25600K, 29% used [0x0000000791980000,0x00000007920fa150,0x0000000793280000)
  to   space 25600K, 0% used [0x0000000795b80000,0x0000000795b80000,0x0000000797480000)
 ParOldGen       total 129536K, used 42320K [0x0000000701800000, 0x0000000709680000, 0x0000000780800000)
  object space 129536K, 32% used [0x0000000701800000,0x0000000704154110,0x0000000709680000)
 Metaspace       used 56374K, capacity 58926K, committed 59028K, reserved 1101824K
  class space    used 7160K, capacity 7596K, committed 7680K, reserved 1048576K
Event: 84.777 GC heap after
Heap after GC invocations=18 (full 3):
 PSYoungGen      total 305664K, used 0K [0x0000000780800000, 0x0000000797480000, 0x00000007c0000000)
  eden space 280064K, 0% used [0x0000000780800000,0x0000000780800000,0x0000000791980000)
  from space 25600K, 0% used [0x0000000791980000,0x0000000791980000,0x0000000793280000)
  to   space 25600K, 0% used [0x0000000795b80000,0x0000000795b80000,0x0000000797480000)
 ParOldGen       total 200192K, used 35515K [0x0000000701800000, 0x000000070db80000, 0x0000000780800000)
  object space 200192K, 17% used [0x0000000701800000,0x0000000703aaef18,0x000000070db80000)
 Metaspace       used 56340K, capacity 58872K, committed 59028K, reserved 1101824K
  class space    used 7155K, capacity 7587K, committed 7680K, reserved 1048576K
}
Event: 158.821 GC heap before
{Heap before GC invocations=19 (full 3):
 PSYoungGen      total 305664K, used 267587K [0x0000000780800000, 0x0000000797480000, 0x00000007c0000000)
  eden space 280064K, 95% used [0x0000000780800000,0x0000000790d50f50,0x0000000791980000)
  from space 25600K, 0% used [0x0000000791980000,0x0000000791980000,0x0000000793280000)
  to   space 25600K, 0% used [0x0000000795b80000,0x0000000795b80000,0x0000000797480000)
 ParOldGen       total 200192K, used 35515K [0x0000000701800000, 0x000000070db80000, 0x0000000780800000)
  object space 200192K, 17% used [0x0000000701800000,0x0000000703aaef18,0x000000070db80000)
 Metaspace       used 56375K, capacity 58942K, committed 59284K, reserved 1101824K
  class space    used 7157K, capacity 7588K, committed 7680K, reserved 1048576K
Event: 158.837 GC heap after
Heap after GC invocations=19 (full 3):
 PSYoungGen      total 346112K, used 19968K [0x0000000780800000, 0x0000000797a00000, 0x00000007c0000000)
  eden space 320512K, 0% used [0x0000000780800000,0x0000000780800000,0x0000000794100000)
  from space 25600K, 78% used [0x0000000795b80000,0x0000000796f00398,0x0000000797480000)
  to   space 27136K, 0% used [0x0000000794100000,0x0000000794100000,0x0000000795b80000)
 ParOldGen       total 200192K, used 35523K [0x0000000701800000, 0x000000070db80000, 0x0000000780800000)
  object space 200192K, 17% used [0x0000000701800000,0x0000000703ab0f18,0x000000070db80000)
 Metaspace       used 56375K, capacity 58942K, committed 59284K, reserved 1101824K
  class space    used 7157K, capacity 7588K, committed 7680K, reserved 1048576K
}
Event: 228.862 GC heap before
{Heap before GC invocations=20 (full 3):
 PSYoungGen      total 346112K, used 340053K [0x0000000780800000, 0x0000000797a00000, 0x00000007c0000000)
  eden space 320512K, 99% used [0x0000000780800000,0x0000000794095360,0x0000000794100000)
  from space 25600K, 78% used [0x0000000795b80000,0x0000000796f00398,0x0000000797480000)
  to   space 27136K, 0% used [0x0000000794100000,0x0000000794100000,0x0000000795b80000)
 ParOldGen       total 200192K, used 35523K [0x0000000701800000, 0x000000070db80000, 0x0000000780800000)
  object space 200192K, 17% used [0x0000000701800000,0x0000000703ab0f18,0x000000070db80000)
 Metaspace       used 56416K, capacity 59082K, committed 59284K, reserved 1101824K
  class space    used 7159K, capacity 7591K, committed 7680K, reserved 1048576K
Event: 228.893 GC heap after
Heap after GC invocations=20 (full 3):
 PSYoungGen      total 347648K, used 6261K [0x0000000780800000, 0x0000000799080000, 0x00000007c0000000)
  eden space 320512K, 0% used [0x0000000780800000,0x0000000780800000,0x0000000794100000)
  from space 27136K, 23% used [0x0000000794100000,0x000000079471d7f0,0x0000000795b80000)
  to   space 26624K, 0% used [0x0000000797680000,0x0000000797680000,0x0000000799080000)
 ParOldGen       total 200192K, used 35531K [0x0000000701800000, 0x000000070db80000, 0x0000000780800000)
  object space 200192K, 17% used [0x0000000701800000,0x0000000703ab2f18,0x000000070db80000)
 Metaspace       used 56416K, capacity 59082K, committed 59284K, reserved 1101824K
  class space    used 7159K, capacity 7591K, committed 7680K, reserved 1048576K
}
Event: 261.465 GC heap before
{Heap before GC invocations=21 (full 3):
 PSYoungGen      total 347648K, used 326773K [0x0000000780800000, 0x0000000799080000, 0x00000007c0000000)
  eden space 320512K, 100% used [0x0000000780800000,0x0000000794100000,0x0000000794100000)
  from space 27136K, 23% used [0x0000000794100000,0x000000079471d7f0,0x0000000795b80000)
  to   space 26624K, 0% used [0x0000000797680000,0x0000000797680000,0x0000000799080000)
 ParOldGen       total 200192K, used 35531K [0x0000000701800000, 0x000000070db80000, 0x0000000780800000)
  object space 200192K, 17% used [0x0000000701800000,0x0000000703ab2f18,0x000000070db80000)
 Metaspace       used 56435K, capacity 59152K, committed 59284K, reserved 1101824K
  class space    used 7160K, capacity 7593K, committed 7680K, reserved 1048576K
Event: 261.469 GC heap after
Heap after GC invocations=21 (full 3):
 PSYoungGen      total 366080K, used 788K [0x0000000780800000, 0x0000000798d00000, 0x00000007c0000000)
  eden space 343040K, 0% used [0x0000000780800000,0x0000000780800000,0x0000000795700000)
  from space 23040K, 3% used [0x0000000797680000,0x0000000797745298,0x0000000798d00000)
  to   space 27648K, 0% used [0x0000000795700000,0x0000000795700000,0x0000000797200000)
 ParOldGen       total 200192K, used 35539K [0x0000000701800000, 0x000000070db80000, 0x0000000780800000)
  object space 200192K, 17% used [0x0000000701800000,0x0000000703ab4f18,0x000000070db80000)
 Metaspace       used 56435K, capacity 59152K, committed 59284K, reserved 1101824K
  class space    used 7160K, capacity 7593K, committed 7680K, reserved 1048576K
}
Event: 288.960 GC heap before
{Heap before GC invocations=22 (full 3):
 PSYoungGen      total 366080K, used 342009K [0x0000000780800000, 0x0000000798d00000, 0x00000007c0000000)
  eden space 343040K, 99% used [0x0000000780800000,0x0000000795539200,0x0000000795700000)
  from space 23040K, 3% used [0x0000000797680000,0x0000000797745298,0x0000000798d00000)
  to   space 27648K, 0% used [0x0000000795700000,0x0000000795700000,0x0000000797200000)
 ParOldGen       total 200192K, used 35539K [0x0000000701800000, 0x000000070db80000, 0x0000000780800000)
  object space 200192K, 17% used [0x0000000701800000,0x0000000703ab4f18,0x000000070db80000)
 Metaspace       used 56435K, capacity 59152K, committed 59284K, reserved 1101824K
  class space    used 7160K, capacity 7593K, committed 7680K, reserved 1048576K
Event: 288.969 GC heap after
Heap after GC invocations=22 (full 3):
 PSYoungGen      total 370688K, used 20390K [0x0000000780800000, 0x000000079a300000, 0x00000007c0000000)
  eden space 343040K, 0% used [0x0000000780800000,0x0000000780800000,0x0000000795700000)
  from space 27648K, 73% used [0x0000000795700000,0x0000000796ae9990,0x0000000797200000)
  to   space 29184K, 0% used [0x0000000798680000,0x0000000798680000,0x000000079a300000)
 ParOldGen       total 200192K, used 35547K [0x0000000701800000, 0x000000070db80000, 0x0000000780800000)
  object space 200192K, 17% used [0x0000000701800000,0x0000000703ab6f18,0x000000070db80000)
 Metaspace       used 56435K, capacity 59152K, committed 59284K, reserved 1101824K
  class space    used 7160K, capacity 7593K, committed 7680K, reserved 1048576K
}

