# JRE version: Java(TM) SE Runtime Environment (8.0_121-b13) (build 1.8.0_121-b13)
# Java VM: Java HotSpot(TM) 64-Bit Server VM (25.121-b13 mixed mode windows-amd64 compressed oops)
Heap:
 PSYoungGen      total 335360K, used 65315K [0x0000000780800000, 0x0000000797280000, 0x00000007c0000000)
  eden space 334336K, 19% used [0x0000000780800000,0x00000007846ebbc0,0x0000000794e80000)
  from space 1024K, 86% used [0x0000000795980000,0x0000000795a5d2d8,0x0000000795a80000)
  to   space 18432K, 0% used [0x0000000796080000,0x0000000796080000,0x0000000797280000)
 ParOldGen       total 219136K, used 35993K [0x0000000701800000, 0x000000070ee00000, 0x0000000780800000)
  object space 219136K, 16% used [0x0000000701800000,0x0000000703b264b0,0x000000070ee00000)
 Metaspace       used 56571K, capacity 59320K, committed 59540K, reserved 1101824K
  class space    used 7185K, capacity 7628K, committed 7680K, reserved 1048576K
GC Heap History (10 events):
Event: 2191.684 GC heap before
{Heap before GC invocations=28 (full 3):
 PSYoungGen      total 355840K, used 337988K [0x0000000780800000, 0x0000000797c80000, 0x00000007c0000000)
  eden space 337408K, 100% used [0x0000000780800000,0x0000000795180000,0x0000000795180000)
  from space 18432K, 3% used [0x0000000796a80000,0x0000000796b11288,0x0000000797c80000)
  to   space 22016K, 0% used [0x0000000795180000,0x0000000795180000,0x0000000796700000)
 ParOldGen       total 219136K, used 35985K [0x0000000701800000, 0x000000070ee00000, 0x0000000780800000)
  object space 219136K, 16% used [0x0000000701800000,0x0000000703b244b0,0x000000070ee00000)
 Metaspace       used 56420K, capacity 59142K, committed 59284K, reserved 1101824K
  class space    used 7163K, capacity 7592K, committed 7680K, reserved 1048576K
Event: 2191.689 GC heap after
Heap after GC invocations=28 (full 3):
 PSYoungGen      total 359424K, used 496K [0x0000000780800000, 0x0000000798200000, 0x00000007c0000000)
  eden space 337408K, 0% used [0x0000000780800000,0x0000000780800000,0x0000000795180000)
  from space 22016K, 2% used [0x0000000795180000,0x00000007951fc030,0x0000000796700000)
  to   space 21504K, 0% used [0x0000000796d00000,0x0000000796d00000,0x0000000798200000)
 ParOldGen       total 219136K, used 35985K [0x0000000701800000, 0x000000070ee00000, 0x0000000780800000)
  object space 219136K, 16% used [0x0000000701800000,0x0000000703b244b0,0x000000070ee00000)
 Metaspace       used 56420K, capacity 59142K, committed 59284K, reserved 1101824K
  class space    used 7163K, capacity 7592K, committed 7680K, reserved 1048576K
}
Event: 2475.257 GC heap before
{Heap before GC invocations=29 (full 3):
 PSYoungGen      total 359424K, used 337904K [0x0000000780800000, 0x0000000798200000, 0x00000007c0000000)
  eden space 337408K, 100% used [0x0000000780800000,0x0000000795180000,0x0000000795180000)
  from space 22016K, 2% used [0x0000000795180000,0x00000007951fc030,0x0000000796700000)
  to   space 21504K, 0% used [0x0000000796d00000,0x0000000796d00000,0x0000000798200000)
 ParOldGen       total 219136K, used 35985K [0x0000000701800000, 0x000000070ee00000, 0x0000000780800000)
  object space 219136K, 16% used [0x0000000701800000,0x0000000703b244b0,0x000000070ee00000)
 Metaspace       used 56420K, capacity 59142K, committed 59284K, reserved 1101824K
  class space    used 7163K, capacity 7592K, committed 7680K, reserved 1048576K
Event: 2475.261 GC heap after
Heap after GC invocations=29 (full 3):
 PSYoungGen      total 360448K, used 560K [0x0000000780800000, 0x0000000797e80000, 0x00000007c0000000)
  eden space 342528K, 0% used [0x0000000780800000,0x0000000780800000,0x0000000795680000)
  from space 17920K, 3% used [0x0000000796d00000,0x0000000796d8c030,0x0000000797e80000)
  to   space 20480K, 0% used [0x0000000795680000,0x0000000795680000,0x0000000796a80000)
 ParOldGen       total 219136K, used 35985K [0x0000000701800000, 0x000000070ee00000, 0x0000000780800000)
  object space 219136K, 16% used [0x0000000701800000,0x0000000703b244b0,0x000000070ee00000)
 Metaspace       used 56420K, capacity 59142K, committed 59284K, reserved 1101824K
  class space    used 7163K, capacity 7592K, committed 7680K, reserved 1048576K
}
Event: 2764.006 GC heap before
{Heap before GC invocations=30 (full 3):
 PSYoungGen      total 360448K, used 343088K [0x0000000780800000, 0x0000000797e80000, 0x00000007c0000000)
  eden space 342528K, 100% used [0x0000000780800000,0x0000000795680000,0x0000000795680000)
  from space 17920K, 3% used [0x0000000796d00000,0x0000000796d8c030,0x0000000797e80000)
  to   space 20480K, 0% used [0x0000000795680000,0x0000000795680000,0x0000000796a80000)
 ParOldGen       total 219136K, used 35985K [0x0000000701800000, 0x000000070ee00000, 0x0000000780800000)
  object space 219136K, 16% used [0x0000000701800000,0x0000000703b244b0,0x000000070ee00000)
 Metaspace       used 56420K, capacity 59142K, committed 59284K, reserved 1101824K
  class space    used 7163K, capacity 7592K, committed 7680K, reserved 1048576K
Event: 2764.010 GC heap after
Heap after GC invocations=30 (full 3):
 PSYoungGen      total 363008K, used 432K [0x0000000780800000, 0x0000000798180000, 0x00000007c0000000)
  eden space 342528K, 0% used [0x0000000780800000,0x0000000780800000,0x0000000795680000)
  from space 20480K, 2% used [0x0000000795680000,0x00000007956ec030,0x0000000796a80000)
  to   space 19968K, 0% used [0x0000000796e00000,0x0000000796e00000,0x0000000798180000)
 ParOldGen       total 219136K, used 35985K [0x0000000701800000, 0x000000070ee00000, 0x0000000780800000)
  object space 219136K, 16% used [0x0000000701800000,0x0000000703b244b0,0x000000070ee00000)
 Metaspace       used 56420K, capacity 59142K, committed 59284K, reserved 1101824K
  class space    used 7163K, capacity 7592K, committed 7680K, reserved 1048576K
}
Event: 3051.721 GC heap before
{Heap before GC invocations=31 (full 3):
 PSYoungGen      total 363008K, used 342960K [0x0000000780800000, 0x0000000798180000, 0x00000007c0000000)
  eden space 342528K, 100% used [0x0000000780800000,0x0000000795680000,0x0000000795680000)
  from space 20480K, 2% used [0x0000000795680000,0x00000007956ec030,0x0000000796a80000)
  to   space 19968K, 0% used [0x0000000796e00000,0x0000000796e00000,0x0000000798180000)
 ParOldGen       total 219136K, used 35985K [0x0000000701800000, 0x000000070ee00000, 0x0000000780800000)
  object space 219136K, 16% used [0x0000000701800000,0x0000000703b244b0,0x000000070ee00000)
 Metaspace       used 56420K, capacity 59142K, committed 59284K, reserved 1101824K
  class space    used 7163K, capacity 7592K, committed 7680K, reserved 1048576K
Event: 3051.726 GC heap after
Heap after GC invocations=31 (full 3):
 PSYoungGen      total 363520K, used 528K [0x0000000780800000, 0x0000000797f80000, 0x00000007c0000000)
  eden space 345600K, 0% used [0x0000000780800000,0x0000000780800000,0x0000000795980000)
  from space 17920K, 2% used [0x0000000796e00000,0x0000000796e84030,0x0000000797f80000)
  to   space 19456K, 0% used [0x0000000795980000,0x0000000795980000,0x0000000796c80000)
 ParOldGen       total 219136K, used 35985K [0x0000000701800000, 0x000000070ee00000, 0x0000000780800000)
  object space 219136K, 16% used [0x0000000701800000,0x0000000703b244b0,0x000000070ee00000)
 Metaspace       used 56420K, capacity 59142K, committed 59284K, reserved 1101824K
  class space    used 7163K, capacity 7592K, committed 7680K, reserved 1048576K
}
Event: 3328.175 GC heap before
{Heap before GC invocations=32 (full 3):
 PSYoungGen      total 363520K, used 346128K [0x0000000780800000, 0x0000000797f80000, 0x00000007c0000000)
  eden space 345600K, 100% used [0x0000000780800000,0x0000000795980000,0x0000000795980000)
  from space 17920K, 2% used [0x0000000796e00000,0x0000000796e84030,0x0000000797f80000)
  to   space 19456K, 0% used [0x0000000795980000,0x0000000795980000,0x0000000796c80000)
 ParOldGen       total 219136K, used 35985K [0x0000000701800000, 0x000000070ee00000, 0x0000000780800000)
  object space 219136K, 16% used [0x0000000701800000,0x0000000703b244b0,0x000000070ee00000)
 Metaspace       used 56498K, capacity 59238K, committed 59540K, reserved 1101824K
  class space    used 7182K, capacity 7624K, committed 7680K, reserved 1048576K
Event: 3328.181 GC heap after
Heap after GC invocations=32 (full 3):
 PSYoungGen      total 335360K, used 884K [0x0000000780800000, 0x0000000797280000, 0x00000007c0000000)
  eden space 334336K, 0% used [0x0000000780800000,0x0000000780800000,0x0000000794e80000)
  from space 1024K, 86% used [0x0000000795980000,0x0000000795a5d2d8,0x0000000795a80000)
  to   space 18432K, 0% used [0x0000000796080000,0x0000000796080000,0x0000000797280000)
 ParOldGen       total 219136K, used 35993K [0x0000000701800000, 0x000000070ee00000, 0x0000000780800000)
  object space 219136K, 16% used [0x0000000701800000,0x0000000703b264b0,0x000000070ee00000)
 Metaspace       used 56498K, capacity 59238K, committed 59540K, reserved 1101824K
  class space    used 7182K, capacity 7624K, committed 7680K, reserved 1048576K
}

