# JRE version: Java(TM) SE Runtime Environment (8.0_121-b13) (build 1.8.0_121-b13)
# Java VM: Java HotSpot(TM) 64-Bit Server VM (25.121-b13 mixed mode windows-amd64 compressed oops)
Heap:
 PSYoungGen      total 199168K, used 167838K [0x0000000780800000, 0x0000000790c00000, 0x00000007c0000000)
  eden space 181248K, 82% used [0x0000000780800000,0x0000000789a67f90,0x000000078b900000)
  from space 17920K, 99% used [0x000000078b900000,0x000000078ca7fae8,0x000000078ca80000)
  to   space 23040K, 0% used [0x000000078f580000,0x000000078f580000,0x0000000790c00000)
 ParOldGen       total 146432K, used 31125K [0x0000000701800000, 0x000000070a700000, 0x0000000780800000)
  object space 146432K, 21% used [0x0000000701800000,0x0000000703665490,0x000000070a700000)
 Metaspace       used 54788K, capacity 57260K, committed 57520K, reserved 1099776K
  class space    used 7062K, capacity 7474K, committed 7600K, reserved 1048576K
GC Heap History (10 events):
Event: 6.754 GC heap before
{Heap before GC invocations=9 (full 2):
 PSYoungGen      total 116224K, used 10746K [0x0000000780800000, 0x000000078c300000, 0x00000007c0000000)
  eden space 105472K, 0% used [0x0000000780800000,0x0000000780800000,0x0000000786f00000)
  from space 10752K, 99% used [0x0000000786f00000,0x000000078797e830,0x0000000787980000)
  to   space 12288K, 0% used [0x000000078b700000,0x000000078b700000,0x000000078c300000)
 ParOldGen       total 90112K, used 10200K [0x0000000701800000, 0x0000000707000000, 0x0000000780800000)
  object space 90112K, 11% used [0x0000000701800000,0x00000007021f6280,0x0000000707000000)
 Metaspace       used 34230K, capacity 35486K, committed 35496K, reserved 1079296K
  class space    used 4610K, capacity 4905K, committed 4912K, reserved 1048576K
Event: 6.840 GC heap after
Heap after GC invocations=9 (full 2):
 PSYoungGen      total 116224K, used 0K [0x0000000780800000, 0x000000078c300000, 0x00000007c0000000)
  eden space 105472K, 0% used [0x0000000780800000,0x0000000780800000,0x0000000786f00000)
  from space 10752K, 0% used [0x0000000786f00000,0x0000000786f00000,0x0000000787980000)
  to   space 12288K, 0% used [0x000000078b700000,0x000000078b700000,0x000000078c300000)
 ParOldGen       total 146432K, used 16913K [0x0000000701800000, 0x000000070a700000, 0x0000000780800000)
  object space 146432K, 11% used [0x0000000701800000,0x0000000702884610,0x000000070a700000)
 Metaspace       used 34230K, capacity 35486K, committed 35496K, reserved 1079296K
  class space    used 4610K, capacity 4905K, committed 4912K, reserved 1048576K
}
Event: 8.815 GC heap before
{Heap before GC invocations=10 (full 2):
 PSYoungGen      total 116224K, used 105472K [0x0000000780800000, 0x000000078c300000, 0x00000007c0000000)
  eden space 105472K, 100% used [0x0000000780800000,0x0000000786f00000,0x0000000786f00000)
  from space 10752K, 0% used [0x0000000786f00000,0x0000000786f00000,0x0000000787980000)
  to   space 12288K, 0% used [0x000000078b700000,0x000000078b700000,0x000000078c300000)
 ParOldGen       total 146432K, used 16913K [0x0000000701800000, 0x000000070a700000, 0x0000000780800000)
  object space 146432K, 11% used [0x0000000701800000,0x0000000702884610,0x000000070a700000)
 Metaspace       used 38376K, capacity 39994K, committed 40112K, reserved 1083392K
  class space    used 5125K, capacity 5467K, committed 5552K, reserved 1048576K
Event: 8.827 GC heap after
Heap after GC invocations=10 (full 2):
 PSYoungGen      total 159232K, used 9929K [0x0000000780800000, 0x000000078c100000, 0x00000007c0000000)
  eden space 148992K, 0% used [0x0000000780800000,0x0000000780800000,0x0000000789980000)
  from space 10240K, 96% used [0x000000078b700000,0x000000078c0b2428,0x000000078c100000)
  to   space 12800K, 0% used [0x000000078a800000,0x000000078a800000,0x000000078b480000)
 ParOldGen       total 146432K, used 16921K [0x0000000701800000, 0x000000070a700000, 0x0000000780800000)
  object space 146432K, 11% used [0x0000000701800000,0x0000000702886610,0x000000070a700000)
 Metaspace       used 38376K, capacity 39994K, committed 40112K, reserved 1083392K
  class space    used 5125K, capacity 5467K, committed 5552K, reserved 1048576K
}
Event: 10.236 GC heap before
{Heap before GC invocations=11 (full 2):
 PSYoungGen      total 159232K, used 158921K [0x0000000780800000, 0x000000078c100000, 0x00000007c0000000)
  eden space 148992K, 100% used [0x0000000780800000,0x0000000789980000,0x0000000789980000)
  from space 10240K, 96% used [0x000000078b700000,0x000000078c0b2428,0x000000078c100000)
  to   space 12800K, 0% used [0x000000078a800000,0x000000078a800000,0x000000078b480000)
 ParOldGen       total 146432K, used 16921K [0x0000000701800000, 0x000000070a700000, 0x0000000780800000)
  object space 146432K, 11% used [0x0000000701800000,0x0000000702886610,0x000000070a700000)
 Metaspace       used 41854K, capacity 43688K, committed 43952K, reserved 1087488K
  class space    used 5596K, capacity 5960K, committed 6064K, reserved 1048576K
Event: 10.252 GC heap after
Heap after GC invocations=11 (full 2):
 PSYoungGen      total 176640K, used 12784K [0x0000000780800000, 0x000000078d880000, 0x00000007c0000000)
  eden space 163840K, 0% used [0x0000000780800000,0x0000000780800000,0x000000078a800000)
  from space 12800K, 99% used [0x000000078a800000,0x000000078b47c2f8,0x000000078b480000)
  to   space 14336K, 0% used [0x000000078ca80000,0x000000078ca80000,0x000000078d880000)
 ParOldGen       total 146432K, used 18157K [0x0000000701800000, 0x000000070a700000, 0x0000000780800000)
  object space 146432K, 12% used [0x0000000701800000,0x00000007029bb678,0x000000070a700000)
 Metaspace       used 41854K, capacity 43688K, committed 43952K, reserved 1087488K
  class space    used 5596K, capacity 5960K, committed 6064K, reserved 1048576K
}
Event: 11.447 GC heap before
{Heap before GC invocations=12 (full 2):
 PSYoungGen      total 176640K, used 176624K [0x0000000780800000, 0x000000078d880000, 0x00000007c0000000)
  eden space 163840K, 100% used [0x0000000780800000,0x000000078a800000,0x000000078a800000)
  from space 12800K, 99% used [0x000000078a800000,0x000000078b47c2f8,0x000000078b480000)
  to   space 14336K, 0% used [0x000000078ca80000,0x000000078ca80000,0x000000078d880000)
 ParOldGen       total 146432K, used 18157K [0x0000000701800000, 0x000000070a700000, 0x0000000780800000)
  object space 146432K, 12% used [0x0000000701800000,0x00000007029bb678,0x000000070a700000)
 Metaspace       used 44516K, capacity 46564K, committed 46896K, reserved 1089536K
  class space    used 5951K, capacity 6366K, committed 6448K, reserved 1048576K
Event: 11.469 GC heap after
Heap after GC invocations=12 (full 2):
 PSYoungGen      total 195584K, used 14305K [0x0000000780800000, 0x000000078f300000, 0x00000007c0000000)
  eden space 181248K, 0% used [0x0000000780800000,0x0000000780800000,0x000000078b900000)
  from space 14336K, 99% used [0x000000078ca80000,0x000000078d878440,0x000000078d880000)
  to   space 17920K, 0% used [0x000000078b900000,0x000000078b900000,0x000000078ca80000)
 ParOldGen       total 146432K, used 23699K [0x0000000701800000, 0x000000070a700000, 0x0000000780800000)
  object space 146432K, 16% used [0x0000000701800000,0x0000000702f24fa0,0x000000070a700000)
 Metaspace       used 44516K, capacity 46564K, committed 46896K, reserved 1089536K
  class space    used 5951K, capacity 6366K, committed 6448K, reserved 1048576K
}
Event: 25.446 GC heap before
{Heap before GC invocations=13 (full 2):
 PSYoungGen      total 195584K, used 195553K [0x0000000780800000, 0x000000078f300000, 0x00000007c0000000)
  eden space 181248K, 100% used [0x0000000780800000,0x000000078b900000,0x000000078b900000)
  from space 14336K, 99% used [0x000000078ca80000,0x000000078d878440,0x000000078d880000)
  to   space 17920K, 0% used [0x000000078b900000,0x000000078b900000,0x000000078ca80000)
 ParOldGen       total 146432K, used 23699K [0x0000000701800000, 0x000000070a700000, 0x0000000780800000)
  object space 146432K, 16% used [0x0000000701800000,0x0000000702f24fa0,0x000000070a700000)
 Metaspace       used 53988K, capacity 56346K, committed 56624K, reserved 1097728K
  class space    used 6985K, capacity 7430K, committed 7472K, reserved 1048576K
Event: 25.475 GC heap after
Heap after GC invocations=13 (full 2):
 PSYoungGen      total 199168K, used 17918K [0x0000000780800000, 0x0000000790c00000, 0x00000007c0000000)
  eden space 181248K, 0% used [0x0000000780800000,0x0000000780800000,0x000000078b900000)
  from space 17920K, 99% used [0x000000078b900000,0x000000078ca7fae8,0x000000078ca80000)
  to   space 23040K, 0% used [0x000000078f580000,0x000000078f580000,0x0000000790c00000)
 ParOldGen       total 146432K, used 31125K [0x0000000701800000, 0x000000070a700000, 0x0000000780800000)
  object space 146432K, 21% used [0x0000000701800000,0x0000000703665490,0x000000070a700000)
 Metaspace       used 53988K, capacity 56346K, committed 56624K, reserved 1097728K
  class space    used 6985K, capacity 7430K, committed 7472K, reserved 1048576K
}

