# JRE version: Java(TM) SE Runtime Environment (8.0_121-b13) (build 1.8.0_121-b13)
# Java VM: Java HotSpot(TM) 64-Bit Server VM (25.121-b13 mixed mode windows-amd64 compressed oops)
Heap:
 PSYoungGen      total 253952K, used 124502K [0x0000000780800000, 0x0000000792c80000, 0x00000007c0000000)
  eden space 238080K, 45% used [0x0000000780800000,0x0000000787219270,0x000000078f080000)
  from space 15872K, 99% used [0x0000000790400000,0x000000079137c8b0,0x0000000791380000)
  to   space 19968K, 0% used [0x000000078f080000,0x000000078f080000,0x0000000790400000)
 ParOldGen       total 114176K, used 24958K [0x0000000701800000, 0x0000000708780000, 0x0000000780800000)
  object space 114176K, 21% used [0x0000000701800000,0x000000070305f948,0x0000000708780000)
 Metaspace       used 54203K, capacity 56477K, committed 56624K, reserved 1097728K
  class space    used 7022K, capacity 7432K, committed 7472K, reserved 1048576K
GC Heap History (10 events):
Event: 6.331 GC heap before
{Heap before GC invocations=8 (full 1):
 PSYoungGen      total 137216K, used 38041K [0x0000000780800000, 0x0000000789b00000, 0x00000007c0000000)
  eden space 126976K, 21% used [0x0000000780800000,0x000000078232c368,0x0000000788400000)
  from space 10240K, 99% used [0x0000000788f80000,0x000000078997a2d8,0x0000000789980000)
  to   space 11776K, 0% used [0x0000000788400000,0x0000000788400000,0x0000000788f80000)
 ParOldGen       total 73728K, used 10606K [0x0000000701800000, 0x0000000706000000, 0x0000000780800000)
  object space 73728K, 14% used [0x0000000701800000,0x000000070225ba78,0x0000000706000000)
 Metaspace       used 34134K, capacity 35393K, committed 35496K, reserved 1079296K
  class space    used 4591K, capacity 4912K, committed 4912K, reserved 1048576K
Event: 6.344 GC heap after
Heap after GC invocations=8 (full 1):
 PSYoungGen      total 138752K, used 10945K [0x0000000780800000, 0x000000078ed80000, 0x00000007c0000000)
  eden space 126976K, 0% used [0x0000000780800000,0x0000000780800000,0x0000000788400000)
  from space 11776K, 92% used [0x0000000788400000,0x0000000788eb0658,0x0000000788f80000)
  to   space 12800K, 0% used [0x000000078e100000,0x000000078e100000,0x000000078ed80000)
 ParOldGen       total 73728K, used 10614K [0x0000000701800000, 0x0000000706000000, 0x0000000780800000)
  object space 73728K, 14% used [0x0000000701800000,0x000000070225da78,0x0000000706000000)
 Metaspace       used 34134K, capacity 35393K, committed 35496K, reserved 1079296K
  class space    used 4591K, capacity 4912K, committed 4912K, reserved 1048576K
}
Event: 6.344 GC heap before
{Heap before GC invocations=9 (full 2):
 PSYoungGen      total 138752K, used 10945K [0x0000000780800000, 0x000000078ed80000, 0x00000007c0000000)
  eden space 126976K, 0% used [0x0000000780800000,0x0000000780800000,0x0000000788400000)
  from space 11776K, 92% used [0x0000000788400000,0x0000000788eb0658,0x0000000788f80000)
  to   space 12800K, 0% used [0x000000078e100000,0x000000078e100000,0x000000078ed80000)
 ParOldGen       total 73728K, used 10614K [0x0000000701800000, 0x0000000706000000, 0x0000000780800000)
  object space 73728K, 14% used [0x0000000701800000,0x000000070225da78,0x0000000706000000)
 Metaspace       used 34134K, capacity 35393K, committed 35496K, reserved 1079296K
  class space    used 4591K, capacity 4912K, committed 4912K, reserved 1048576K
Event: 6.424 GC heap after
Heap after GC invocations=9 (full 2):
 PSYoungGen      total 138752K, used 0K [0x0000000780800000, 0x000000078ed80000, 0x00000007c0000000)
  eden space 126976K, 0% used [0x0000000780800000,0x0000000780800000,0x0000000788400000)
  from space 11776K, 0% used [0x0000000788400000,0x0000000788400000,0x0000000788f80000)
  to   space 12800K, 0% used [0x000000078e100000,0x000000078e100000,0x000000078ed80000)
 ParOldGen       total 114176K, used 15885K [0x0000000701800000, 0x0000000708780000, 0x0000000780800000)
  object space 114176K, 13% used [0x0000000701800000,0x0000000702783568,0x0000000708780000)
 Metaspace       used 34134K, capacity 35393K, committed 35496K, reserved 1079296K
  class space    used 4591K, capacity 4912K, committed 4912K, reserved 1048576K
}
Event: 8.544 GC heap before
{Heap before GC invocations=10 (full 2):
 PSYoungGen      total 138752K, used 126976K [0x0000000780800000, 0x000000078ed80000, 0x00000007c0000000)
  eden space 126976K, 100% used [0x0000000780800000,0x0000000788400000,0x0000000788400000)
  from space 11776K, 0% used [0x0000000788400000,0x0000000788400000,0x0000000788f80000)
  to   space 12800K, 0% used [0x000000078e100000,0x000000078e100000,0x000000078ed80000)
 ParOldGen       total 114176K, used 15885K [0x0000000701800000, 0x0000000708780000, 0x0000000780800000)
  object space 114176K, 13% used [0x0000000701800000,0x0000000702783568,0x0000000708780000)
 Metaspace       used 38513K, capacity 40109K, committed 40368K, reserved 1083392K
  class space    used 5147K, capacity 5505K, committed 5552K, reserved 1048576K
Event: 8.556 GC heap after
Heap after GC invocations=10 (full 2):
 PSYoungGen      total 200192K, used 10700K [0x0000000780800000, 0x000000078eb80000, 0x00000007c0000000)
  eden space 189440K, 0% used [0x0000000780800000,0x0000000780800000,0x000000078c100000)
  from space 10752K, 99% used [0x000000078e100000,0x000000078eb73378,0x000000078eb80000)
  to   space 13312K, 0% used [0x000000078d180000,0x000000078d180000,0x000000078de80000)
 ParOldGen       total 114176K, used 15893K [0x0000000701800000, 0x0000000708780000, 0x0000000780800000)
  object space 114176K, 13% used [0x0000000701800000,0x0000000702785568,0x0000000708780000)
 Metaspace       used 38513K, capacity 40109K, committed 40368K, reserved 1083392K
  class space    used 5147K, capacity 5505K, committed 5552K, reserved 1048576K
}
Event: 10.264 GC heap before
{Heap before GC invocations=11 (full 2):
 PSYoungGen      total 200192K, used 200140K [0x0000000780800000, 0x000000078eb80000, 0x00000007c0000000)
  eden space 189440K, 100% used [0x0000000780800000,0x000000078c100000,0x000000078c100000)
  from space 10752K, 99% used [0x000000078e100000,0x000000078eb73378,0x000000078eb80000)
  to   space 13312K, 0% used [0x000000078d180000,0x000000078d180000,0x000000078de80000)
 ParOldGen       total 114176K, used 15893K [0x0000000701800000, 0x0000000708780000, 0x0000000780800000)
  object space 114176K, 13% used [0x0000000701800000,0x0000000702785568,0x0000000708780000)
 Metaspace       used 42802K, capacity 44619K, committed 44848K, reserved 1087488K
  class space    used 5707K, capacity 6080K, committed 6192K, reserved 1048576K
Event: 10.284 GC heap after
Heap after GC invocations=11 (full 2):
 PSYoungGen      total 219648K, used 13297K [0x0000000780800000, 0x0000000791380000, 0x00000007c0000000)
  eden space 206336K, 0% used [0x0000000780800000,0x0000000780800000,0x000000078d180000)
  from space 13312K, 99% used [0x000000078d180000,0x000000078de7c420,0x000000078de80000)
  to   space 15872K, 0% used [0x0000000790400000,0x0000000790400000,0x0000000791380000)
 ParOldGen       total 114176K, used 19120K [0x0000000701800000, 0x0000000708780000, 0x0000000780800000)
  object space 114176K, 16% used [0x0000000701800000,0x0000000702aac0a0,0x0000000708780000)
 Metaspace       used 42802K, capacity 44619K, committed 44848K, reserved 1087488K
  class space    used 5707K, capacity 6080K, committed 6192K, reserved 1048576K
}
Event: 13.440 GC heap before
{Heap before GC invocations=12 (full 2):
 PSYoungGen      total 219648K, used 219633K [0x0000000780800000, 0x0000000791380000, 0x00000007c0000000)
  eden space 206336K, 100% used [0x0000000780800000,0x000000078d180000,0x000000078d180000)
  from space 13312K, 99% used [0x000000078d180000,0x000000078de7c420,0x000000078de80000)
  to   space 15872K, 0% used [0x0000000790400000,0x0000000790400000,0x0000000791380000)
 ParOldGen       total 114176K, used 19120K [0x0000000701800000, 0x0000000708780000, 0x0000000780800000)
  object space 114176K, 16% used [0x0000000701800000,0x0000000702aac0a0,0x0000000708780000)
 Metaspace       used 46915K, capacity 49063K, committed 49328K, reserved 1091584K
  class space    used 6336K, capacity 6754K, committed 6832K, reserved 1048576K
Event: 13.465 GC heap after
Heap after GC invocations=12 (full 2):
 PSYoungGen      total 253952K, used 15858K [0x0000000780800000, 0x0000000792c80000, 0x00000007c0000000)
  eden space 238080K, 0% used [0x0000000780800000,0x0000000780800000,0x000000078f080000)
  from space 15872K, 99% used [0x0000000790400000,0x000000079137c8b0,0x0000000791380000)
  to   space 19968K, 0% used [0x000000078f080000,0x000000078f080000,0x0000000790400000)
 ParOldGen       total 114176K, used 24958K [0x0000000701800000, 0x0000000708780000, 0x0000000780800000)
  object space 114176K, 21% used [0x0000000701800000,0x000000070305f948,0x0000000708780000)
 Metaspace       used 46915K, capacity 49063K, committed 49328K, reserved 1091584K
  class space    used 6336K, capacity 6754K, committed 6832K, reserved 1048576K
}

